Arguments: 
  /usr/local/bin/node /usr/local/Cellar/yarn/1.19.2/libexec/bin/yarn.js add conventional-changelog-cli --dev

PATH: 
  /Users/zhangxiaoqian03/Downloads/icoding:/usr/local/bin:/usr/bin:/bin:/usr/sbin:/sbin:/Users/zhangxiaoqian03/Downloads/icoding

Yarn version: 
  1.19.2

Node version: 
  10.16.0

Platform: 
  darwin x64

Trace: 
  Error: connect ENETUNREACH 10.83.130.35:80 - Local (0.0.0.0:60506)
      at internalConnect (net.js:881:16)
      at defaultTriggerAsyncIdScope (internal/async_hooks.js:294:19)
      at emitLookup (net.js:1028:9)
      at /usr/local/Cellar/yarn/1.19.2/libexec/lib/cli.js:107361:28
      at /usr/local/Cellar/yarn/1.19.2/libexec/lib/cli.js:107270:13
      at RawTask.module.exports.RawTask.call (/usr/local/Cellar/yarn/1.19.2/libexec/lib/cli.js:83553:19)
      at flush (/usr/local/Cellar/yarn/1.19.2/libexec/lib/cli.js:83635:29)
      at process._tickCallback (internal/process/next_tick.js:61:11)

npm manifest: 
  {
    "name": "DynamicHistogram",
    "version": "1.0.0",
    "description": "动态柱状图可视化",
    "main": "index.js",
    "repository": "https://github.com/sikazhang/DynamicHistogram.git",
    "author": "zxq",
    "license": "MIT",
    "devDependencies": {
      "@babel/cli": "^7.7.5",
      "@babel/core": "^7.7.5",
      "@babel/preset-env": "^7.7.5"
    }
  }

yarn manifest: 
  No manifest

Lockfile: 
  # THIS IS AN AUTOGENERATED FILE. DO NOT EDIT THIS FILE DIRECTLY.
  # yarn lockfile v1
  
  
  "@babel/cli@^7.7.5":
    version "7.7.5"
    resolved "http://registry.npm.baidu-int.com/@babel%2fcli/-/cli-7.7.5.tgz#25702cc65418efc06989af3727897b9f4c8690b6"
    integrity sha1-JXAsxlQY78Bpia83J4l7n0yGkLY=
    dependencies:
      commander "^4.0.1"
      convert-source-map "^1.1.0"
      fs-readdir-recursive "^1.1.0"
      glob "^7.0.0"
      lodash "^4.17.13"
      make-dir "^2.1.0"
      slash "^2.0.0"
      source-map "^0.5.0"
    optionalDependencies:
      chokidar "^2.1.8"
  
  "@babel/code-frame@^7.0.0", "@babel/code-frame@^7.5.5":
    version "7.5.5"
    resolved "http://registry.npm.baidu-int.com/@babel%2fcode-frame/-/code-frame-7.5.5.tgz#bc0782f6d69f7b7d49531219699b988f669a8f9d"
    integrity sha512-27d4lZoomVyo51VegxI20xZPuSHusqbQag/ztrBC7wegWoQ1nLREPVSKSW8byhTlzTKyNE4ifaTA6lCp7JjpFw==
    dependencies:
      "@babel/highlight" "^7.0.0"
  
  "@babel/core@^7.7.5":
    version "7.7.5"
    resolved "http://registry.npm.baidu-int.com/@babel%2fcore/-/core-7.7.5.tgz#ae1323cd035b5160293307f50647e83f8ba62f7e"
    integrity sha1-rhMjzQNbUWApMwf1BkfoP4umL34=
    dependencies:
      "@babel/code-frame" "^7.5.5"
      "@babel/generator" "^7.7.4"
      "@babel/helpers" "^7.7.4"
      "@babel/parser" "^7.7.5"
      "@babel/template" "^7.7.4"
      "@babel/traverse" "^7.7.4"
      "@babel/types" "^7.7.4"
      convert-source-map "^1.7.0"
      debug "^4.1.0"
      json5 "^2.1.0"
      lodash "^4.17.13"
      resolve "^1.3.2"
      semver "^5.4.1"
      source-map "^0.5.0"
  
  "@babel/generator@^7.7.4":
    version "7.7.4"
    resolved "http://registry.npm.baidu-int.com/@babel%2fgenerator/-/generator-7.7.4.tgz#db651e2840ca9aa66f327dcec1dc5f5fa9611369"
    integrity sha1-22UeKEDKmqZvMn3OwdxfX6lhE2k=
    dependencies:
      "@babel/types" "^7.7.4"
      jsesc "^2.5.1"
      lodash "^4.17.13"
      source-map "^0.5.0"
  
  "@babel/helper-annotate-as-pure@^7.7.4":
    version "7.7.4"
    resolved "http://registry.npm.baidu-int.com/@babel%2fhelper-annotate-as-pure/-/helper-annotate-as-pure-7.7.4.tgz#bb3faf1e74b74bd547e867e48f551fa6b098b6ce"
    integrity sha1-uz+vHnS3S9VH6Gfkj1UfprCYts4=
    dependencies:
      "@babel/types" "^7.7.4"
  
  "@babel/helper-builder-binary-assignment-operator-visitor@^7.7.4":
    version "7.7.4"
    resolved "http://registry.npm.baidu-int.com/@babel%2fhelper-builder-binary-assignment-operator-visitor/-/helper-builder-binary-assignment-operator-visitor-7.7.4.tgz#5f73f2b28580e224b5b9bd03146a4015d6217f5f"
    integrity sha1-X3PysoWA4iS1ub0DFGpAFdYhf18=
    dependencies:
      "@babel/helper-explode-assignable-expression" "^7.7.4"
      "@babel/types" "^7.7.4"
  
  "@babel/helper-call-delegate@^7.7.4":
    version "7.7.4"
    resolved "http://registry.npm.baidu-int.com/@babel%2fhelper-call-delegate/-/helper-call-delegate-7.7.4.tgz#621b83e596722b50c0066f9dc37d3232e461b801"
    integrity sha1-YhuD5ZZyK1DABm+dw30yMuRhuAE=
    dependencies:
      "@babel/helper-hoist-variables" "^7.7.4"
      "@babel/traverse" "^7.7.4"
      "@babel/types" "^7.7.4"
  
  "@babel/helper-create-regexp-features-plugin@^7.7.4":
    version "7.7.4"
    resolved "http://registry.npm.baidu-int.com/@babel%2fhelper-create-regexp-features-plugin/-/helper-create-regexp-features-plugin-7.7.4.tgz#6d5762359fd34f4da1500e4cff9955b5299aaf59"
    integrity sha1-bVdiNZ/TT02hUA5M/5lVtSmar1k=
    dependencies:
      "@babel/helper-regex" "^7.4.4"
      regexpu-core "^4.6.0"
  
  "@babel/helper-define-map@^7.7.4":
    version "7.7.4"
    resolved "http://registry.npm.baidu-int.com/@babel%2fhelper-define-map/-/helper-define-map-7.7.4.tgz#2841bf92eb8bd9c906851546fe6b9d45e162f176"
    integrity sha1-KEG/kuuL2ckGhRVG/mudReFi8XY=
    dependencies:
      "@babel/helper-function-name" "^7.7.4"
      "@babel/types" "^7.7.4"
      lodash "^4.17.13"
  
  "@babel/helper-explode-assignable-expression@^7.7.4":
    version "7.7.4"
    resolved "http://registry.npm.baidu-int.com/@babel%2fhelper-explode-assignable-expression/-/helper-explode-assignable-expression-7.7.4.tgz#fa700878e008d85dc51ba43e9fb835cddfe05c84"
    integrity sha1-+nAIeOAI2F3FG6Q+n7g1zd/gXIQ=
    dependencies:
      "@babel/traverse" "^7.7.4"
      "@babel/types" "^7.7.4"
  
  "@babel/helper-function-name@^7.7.4":
    version "7.7.4"
    resolved "http://registry.npm.baidu-int.com/@babel%2fhelper-function-name/-/helper-function-name-7.7.4.tgz#ab6e041e7135d436d8f0a3eca15de5b67a341a2e"
    integrity sha1-q24EHnE11DbY8KPsoV3ltno0Gi4=
    dependencies:
      "@babel/helper-get-function-arity" "^7.7.4"
      "@babel/template" "^7.7.4"
      "@babel/types" "^7.7.4"
  
  "@babel/helper-get-function-arity@^7.7.4":
    version "7.7.4"
    resolved "http://registry.npm.baidu-int.com/@babel%2fhelper-get-function-arity/-/helper-get-function-arity-7.7.4.tgz#cb46348d2f8808e632f0ab048172130e636005f0"
    integrity sha1-y0Y0jS+ICOYy8KsEgXITDmNgBfA=
    dependencies:
      "@babel/types" "^7.7.4"
  
  "@babel/helper-hoist-variables@^7.7.4":
    version "7.7.4"
    resolved "http://registry.npm.baidu-int.com/@babel%2fhelper-hoist-variables/-/helper-hoist-variables-7.7.4.tgz#612384e3d823fdfaaf9fce31550fe5d4db0f3d12"
    integrity sha1-YSOE49gj/fqvn84xVQ/l1NsPPRI=
    dependencies:
      "@babel/types" "^7.7.4"
  
  "@babel/helper-member-expression-to-functions@^7.7.4":
    version "7.7.4"
    resolved "http://registry.npm.baidu-int.com/@babel%2fhelper-member-expression-to-functions/-/helper-member-expression-to-functions-7.7.4.tgz#356438e2569df7321a8326644d4b790d2122cb74"
    integrity sha1-NWQ44lad9zIagyZkTUt5DSEiy3Q=
    dependencies:
      "@babel/types" "^7.7.4"
  
  "@babel/helper-module-imports@^7.7.4":
    version "7.7.4"
    resolved "http://registry.npm.baidu-int.com/@babel%2fhelper-module-imports/-/helper-module-imports-7.7.4.tgz#e5a92529f8888bf319a6376abfbd1cebc491ad91"
    integrity sha1-5aklKfiIi/MZpjdqv70c68SRrZE=
    dependencies:
      "@babel/types" "^7.7.4"
  
  "@babel/helper-module-transforms@^7.7.4", "@babel/helper-module-transforms@^7.7.5":
    version "7.7.5"
    resolved "http://registry.npm.baidu-int.com/@babel%2fhelper-module-transforms/-/helper-module-transforms-7.7.5.tgz#d044da7ffd91ec967db25cd6748f704b6b244835"
    integrity sha1-0ETaf/2R7JZ9slzWdI9wS2skSDU=
    dependencies:
      "@babel/helper-module-imports" "^7.7.4"
      "@babel/helper-simple-access" "^7.7.4"
      "@babel/helper-split-export-declaration" "^7.7.4"
      "@babel/template" "^7.7.4"
      "@babel/types" "^7.7.4"
      lodash "^4.17.13"
  
  "@babel/helper-optimise-call-expression@^7.7.4":
    version "7.7.4"
    resolved "http://registry.npm.baidu-int.com/@babel%2fhelper-optimise-call-expression/-/helper-optimise-call-expression-7.7.4.tgz#034af31370d2995242aa4df402c3b7794b2dcdf2"
    integrity sha1-A0rzE3DSmVJCqk30AsO3eUstzfI=
    dependencies:
      "@babel/types" "^7.7.4"
  
  "@babel/helper-plugin-utils@^7.0.0":
    version "7.0.0"
    resolved "http://registry.npm.baidu-int.com/@babel%2fhelper-plugin-utils/-/helper-plugin-utils-7.0.0.tgz#bbb3fbee98661c569034237cc03967ba99b4f250"
    integrity sha512-CYAOUCARwExnEixLdB6sDm2dIJ/YgEAKDM1MOeMeZu9Ld/bDgVo8aiWrXwcY7OBh+1Ea2uUcVRcxKk0GJvW7QA==
  
  "@babel/helper-regex@^7.0.0", "@babel/helper-regex@^7.4.4":
    version "7.5.5"
    resolved "http://registry.npm.baidu-int.com/@babel%2fhelper-regex/-/helper-regex-7.5.5.tgz#0aa6824f7100a2e0e89c1527c23936c152cab351"
    integrity sha512-CkCYQLkfkiugbRDO8eZn6lRuR8kzZoGXCg3149iTk5se7g6qykSpy3+hELSwquhu+TgHn8nkLiBwHvNX8Hofcw==
    dependencies:
      lodash "^4.17.13"
  
  "@babel/helper-remap-async-to-generator@^7.7.4":
    version "7.7.4"
    resolved "http://registry.npm.baidu-int.com/@babel%2fhelper-remap-async-to-generator/-/helper-remap-async-to-generator-7.7.4.tgz#c68c2407350d9af0e061ed6726afb4fff16d0234"
    integrity sha1-xowkBzUNmvDgYe1nJq+0//FtAjQ=
    dependencies:
      "@babel/helper-annotate-as-pure" "^7.7.4"
      "@babel/helper-wrap-function" "^7.7.4"
      "@babel/template" "^7.7.4"
      "@babel/traverse" "^7.7.4"
      "@babel/types" "^7.7.4"
  
  "@babel/helper-replace-supers@^7.7.4":
    version "7.7.4"
    resolved "http://registry.npm.baidu-int.com/@babel%2fhelper-replace-supers/-/helper-replace-supers-7.7.4.tgz#3c881a6a6a7571275a72d82e6107126ec9e2cdd2"
    integrity sha1-PIgaamp1cSdactguYQcSbsnizdI=
    dependencies:
      "@babel/helper-member-expression-to-functions" "^7.7.4"
      "@babel/helper-optimise-call-expression" "^7.7.4"
      "@babel/traverse" "^7.7.4"
      "@babel/types" "^7.7.4"
  
  "@babel/helper-simple-access@^7.7.4":
    version "7.7.4"
    resolved "http://registry.npm.baidu-int.com/@babel%2fhelper-simple-access/-/helper-simple-access-7.7.4.tgz#a169a0adb1b5f418cfc19f22586b2ebf58a9a294"
    integrity sha1-oWmgrbG19BjPwZ8iWGsuv1ipopQ=
    dependencies:
      "@babel/template" "^7.7.4"
      "@babel/types" "^7.7.4"
  
  "@babel/helper-split-export-declaration@^7.7.4":
    version "7.7.4"
    resolved "http://registry.npm.baidu-int.com/@babel%2fhelper-split-export-declaration/-/helper-split-export-declaration-7.7.4.tgz#57292af60443c4a3622cf74040ddc28e68336fd8"
    integrity sha1-Vykq9gRDxKNiLPdAQN3Cjmgzb9g=
    dependencies:
      "@babel/types" "^7.7.4"
  
  "@babel/helper-wrap-function@^7.7.4":
    version "7.7.4"
    resolved "http://registry.npm.baidu-int.com/@babel%2fhelper-wrap-function/-/helper-wrap-function-7.7.4.tgz#37ab7fed5150e22d9d7266e830072c0cdd8baace"
    integrity sha1-N6t/7VFQ4i2dcmboMAcsDN2Lqs4=
    dependencies:
      "@babel/helper-function-name" "^7.7.4"
      "@babel/template" "^7.7.4"
      "@babel/traverse" "^7.7.4"
      "@babel/types" "^7.7.4"
  
  "@babel/helpers@^7.7.4":
    version "7.7.4"
    resolved "http://registry.npm.baidu-int.com/@babel%2fhelpers/-/helpers-7.7.4.tgz#62c215b9e6c712dadc15a9a0dcab76c92a940302"
    integrity sha1-YsIVuebHEtrcFamg3Kt2ySqUAwI=
    dependencies:
      "@babel/template" "^7.7.4"
      "@babel/traverse" "^7.7.4"
      "@babel/types" "^7.7.4"
  
  "@babel/highlight@^7.0.0":
    version "7.5.0"
    resolved "http://registry.npm.baidu-int.com/@babel%2fhighlight/-/highlight-7.5.0.tgz#56d11312bd9248fa619591d02472be6e8cb32540"
    integrity sha512-7dV4eu9gBxoM0dAnj/BCFDW9LFU0zvTrkq0ugM7pnHEgguOEeOz1so2ZghEdzviYzQEED0r4EAgpsBChKy1TRQ==
    dependencies:
      chalk "^2.0.0"
      esutils "^2.0.2"
      js-tokens "^4.0.0"
  
  "@babel/parser@^7.7.4", "@babel/parser@^7.7.5":
    version "7.7.5"
    resolved "http://registry.npm.baidu-int.com/@babel%2fparser/-/parser-7.7.5.tgz#cbf45321619ac12d83363fcf9c94bb67fa646d71"
    integrity sha1-y/RTIWGawS2DNj/PnJS7Z/pkbXE=
  
  "@babel/plugin-proposal-async-generator-functions@^7.7.4":
    version "7.7.4"
    resolved "http://registry.npm.baidu-int.com/@babel%2fplugin-proposal-async-generator-functions/-/plugin-proposal-async-generator-functions-7.7.4.tgz#0351c5ac0a9e927845fffd5b82af476947b7ce6d"
    integrity sha1-A1HFrAqeknhF//1bgq9HaUe3zm0=
    dependencies:
      "@babel/helper-plugin-utils" "^7.0.0"
      "@babel/helper-remap-async-to-generator" "^7.7.4"
      "@babel/plugin-syntax-async-generators" "^7.7.4"
  
  "@babel/plugin-proposal-dynamic-import@^7.7.4":
    version "7.7.4"
    resolved "http://registry.npm.baidu-int.com/@babel%2fplugin-proposal-dynamic-import/-/plugin-proposal-dynamic-import-7.7.4.tgz#dde64a7f127691758cbfed6cf70de0fa5879d52d"
    integrity sha1-3eZKfxJ2kXWMv+1s9w3g+lh51S0=
    dependencies:
      "@babel/helper-plugin-utils" "^7.0.0"
      "@babel/plugin-syntax-dynamic-import" "^7.7.4"
  
  "@babel/plugin-proposal-json-strings@^7.7.4":
    version "7.7.4"
    resolved "http://registry.npm.baidu-int.com/@babel%2fplugin-proposal-json-strings/-/plugin-proposal-json-strings-7.7.4.tgz#7700a6bfda771d8dc81973249eac416c6b4c697d"
    integrity sha1-dwCmv9p3HY3IGXMknqxBbGtMaX0=
    dependencies:
      "@babel/helper-plugin-utils" "^7.0.0"
      "@babel/plugin-syntax-json-strings" "^7.7.4"
  
  "@babel/plugin-proposal-object-rest-spread@^7.7.4":
    version "7.7.4"
    resolved "http://registry.npm.baidu-int.com/@babel%2fplugin-proposal-object-rest-spread/-/plugin-proposal-object-rest-spread-7.7.4.tgz#cc57849894a5c774214178c8ab64f6334ec8af71"
    integrity sha1-zFeEmJSlx3QhQXjIq2T2M07Ir3E=
    dependencies:
      "@babel/helper-plugin-utils" "^7.0.0"
      "@babel/plugin-syntax-object-rest-spread" "^7.7.4"
  
  "@babel/plugin-proposal-optional-catch-binding@^7.7.4":
    version "7.7.4"
    resolved "http://registry.npm.baidu-int.com/@babel%2fplugin-proposal-optional-catch-binding/-/plugin-proposal-optional-catch-binding-7.7.4.tgz#ec21e8aeb09ec6711bc0a39ca49520abee1de379"
    integrity sha1-7CHorrCexnEbwKOcpJUgq+4d43k=
    dependencies:
      "@babel/helper-plugin-utils" "^7.0.0"
      "@babel/plugin-syntax-optional-catch-binding" "^7.7.4"
  
  "@babel/plugin-proposal-unicode-property-regex@^7.7.4":
    version "7.7.4"
    resolved "http://registry.npm.baidu-int.com/@babel%2fplugin-proposal-unicode-property-regex/-/plugin-proposal-unicode-property-regex-7.7.4.tgz#7c239ccaf09470dbe1d453d50057460e84517ebb"
    integrity sha1-fCOcyvCUcNvh1FPVAFdGDoRRfrs=
    dependencies:
      "@babel/helper-create-regexp-features-plugin" "^7.7.4"
      "@babel/helper-plugin-utils" "^7.0.0"
  
  "@babel/plugin-syntax-async-generators@^7.7.4":
    version "7.7.4"
    resolved "http://registry.npm.baidu-int.com/@babel%2fplugin-syntax-async-generators/-/plugin-syntax-async-generators-7.7.4.tgz#331aaf310a10c80c44a66b238b6e49132bd3c889"
    integrity sha1-MxqvMQoQyAxEpmsji25JEyvTyIk=
    dependencies:
      "@babel/helper-plugin-utils" "^7.0.0"
  
  "@babel/plugin-syntax-dynamic-import@^7.7.4":
    version "7.7.4"
    resolved "http://registry.npm.baidu-int.com/@babel%2fplugin-syntax-dynamic-import/-/plugin-syntax-dynamic-import-7.7.4.tgz#29ca3b4415abfe4a5ec381e903862ad1a54c3aec"
    integrity sha1-Kco7RBWr/kpew4HpA4Yq0aVMOuw=
    dependencies:
      "@babel/helper-plugin-utils" "^7.0.0"
  
  "@babel/plugin-syntax-json-strings@^7.7.4":
    version "7.7.4"
    resolved "http://registry.npm.baidu-int.com/@babel%2fplugin-syntax-json-strings/-/plugin-syntax-json-strings-7.7.4.tgz#86e63f7d2e22f9e27129ac4e83ea989a382e86cc"
    integrity sha1-huY/fS4i+eJxKaxOg+qYmjguhsw=
    dependencies:
      "@babel/helper-plugin-utils" "^7.0.0"
  
  "@babel/plugin-syntax-object-rest-spread@^7.7.4":
    version "7.7.4"
    resolved "http://registry.npm.baidu-int.com/@babel%2fplugin-syntax-object-rest-spread/-/plugin-syntax-object-rest-spread-7.7.4.tgz#47cf220d19d6d0d7b154304701f468fc1cc6ff46"
    integrity sha1-R88iDRnW0NexVDBHAfRo/BzG/0Y=
    dependencies:
      "@babel/helper-plugin-utils" "^7.0.0"
  
  "@babel/plugin-syntax-optional-catch-binding@^7.7.4":
    version "7.7.4"
    resolved "http://registry.npm.baidu-int.com/@babel%2fplugin-syntax-optional-catch-binding/-/plugin-syntax-optional-catch-binding-7.7.4.tgz#a3e38f59f4b6233867b4a92dcb0ee05b2c334aa6"
    integrity sha1-o+OPWfS2IzhntKktyw7gWywzSqY=
    dependencies:
      "@babel/helper-plugin-utils" "^7.0.0"
  
  "@babel/plugin-syntax-top-level-await@^7.7.4":
    version "7.7.4"
    resolved "http://registry.npm.baidu-int.com/@babel%2fplugin-syntax-top-level-await/-/plugin-syntax-top-level-await-7.7.4.tgz#bd7d8fa7b9fee793a36e4027fd6dd1aa32f946da"
    integrity sha1-vX2Pp7n+55OjbkAn/W3RqjL5Rto=
    dependencies:
      "@babel/helper-plugin-utils" "^7.0.0"
  
  "@babel/plugin-transform-arrow-functions@^7.7.4":
    version "7.7.4"
    resolved "http://registry.npm.baidu-int.com/@babel%2fplugin-transform-arrow-functions/-/plugin-transform-arrow-functions-7.7.4.tgz#76309bd578addd8aee3b379d809c802305a98a12"
    integrity sha1-djCb1Xit3YruOzedgJyAIwWpihI=
    dependencies:
      "@babel/helper-plugin-utils" "^7.0.0"
  
  "@babel/plugin-transform-async-to-generator@^7.7.4":
    version "7.7.4"
    resolved "http://registry.npm.baidu-int.com/@babel%2fplugin-transform-async-to-generator/-/plugin-transform-async-to-generator-7.7.4.tgz#694cbeae6d613a34ef0292713fa42fb45c4470ba"
    integrity sha1-aUy+rm1hOjTvApJxP6QvtFxEcLo=
    dependencies:
      "@babel/helper-module-imports" "^7.7.4"
      "@babel/helper-plugin-utils" "^7.0.0"
      "@babel/helper-remap-async-to-generator" "^7.7.4"
  
  "@babel/plugin-transform-block-scoped-functions@^7.7.4":
    version "7.7.4"
    resolved "http://registry.npm.baidu-int.com/@babel%2fplugin-transform-block-scoped-functions/-/plugin-transform-block-scoped-functions-7.7.4.tgz#d0d9d5c269c78eaea76227ace214b8d01e4d837b"
    integrity sha1-0NnVwmnHjq6nYies4hS40B5Ng3s=
    dependencies:
      "@babel/helper-plugin-utils" "^7.0.0"
  
  "@babel/plugin-transform-block-scoping@^7.7.4":
    version "7.7.4"
    resolved "http://registry.npm.baidu-int.com/@babel%2fplugin-transform-block-scoping/-/plugin-transform-block-scoping-7.7.4.tgz#200aad0dcd6bb80372f94d9e628ea062c58bf224"
    integrity sha1-IAqtDc1ruANy+U2eYo6gYsWL8iQ=
    dependencies:
      "@babel/helper-plugin-utils" "^7.0.0"
      lodash "^4.17.13"
  
  "@babel/plugin-transform-classes@^7.7.4":
    version "7.7.4"
    resolved "http://registry.npm.baidu-int.com/@babel%2fplugin-transform-classes/-/plugin-transform-classes-7.7.4.tgz#c92c14be0a1399e15df72667067a8f510c9400ec"
    integrity sha1-ySwUvgoTmeFd9yZnBnqPUQyUAOw=
    dependencies:
      "@babel/helper-annotate-as-pure" "^7.7.4"
      "@babel/helper-define-map" "^7.7.4"
      "@babel/helper-function-name" "^7.7.4"
      "@babel/helper-optimise-call-expression" "^7.7.4"
      "@babel/helper-plugin-utils" "^7.0.0"
      "@babel/helper-replace-supers" "^7.7.4"
      "@babel/helper-split-export-declaration" "^7.7.4"
      globals "^11.1.0"
  
  "@babel/plugin-transform-computed-properties@^7.7.4":
    version "7.7.4"
    resolved "http://registry.npm.baidu-int.com/@babel%2fplugin-transform-computed-properties/-/plugin-transform-computed-properties-7.7.4.tgz#e856c1628d3238ffe12d668eb42559f79a81910d"
    integrity sha1-6FbBYo0yOP/hLWaOtCVZ95qBkQ0=
    dependencies:
      "@babel/helper-plugin-utils" "^7.0.0"
  
  "@babel/plugin-transform-destructuring@^7.7.4":
    version "7.7.4"
    resolved "http://registry.npm.baidu-int.com/@babel%2fplugin-transform-destructuring/-/plugin-transform-destructuring-7.7.4.tgz#2b713729e5054a1135097b6a67da1b6fe8789267"
    integrity sha1-K3E3KeUFShE1CXtqZ9obb+h4kmc=
    dependencies:
      "@babel/helper-plugin-utils" "^7.0.0"
  
  "@babel/plugin-transform-dotall-regex@^7.7.4":
    version "7.7.4"
    resolved "http://registry.npm.baidu-int.com/@babel%2fplugin-transform-dotall-regex/-/plugin-transform-dotall-regex-7.7.4.tgz#f7ccda61118c5b7a2599a72d5e3210884a021e96"
    integrity sha1-98zaYRGMW3olmactXjIQiEoCHpY=
    dependencies:
      "@babel/helper-create-regexp-features-plugin" "^7.7.4"
      "@babel/helper-plugin-utils" "^7.0.0"
  
  "@babel/plugin-transform-duplicate-keys@^7.7.4":
    version "7.7.4"
    resolved "http://registry.npm.baidu-int.com/@babel%2fplugin-transform-duplicate-keys/-/plugin-transform-duplicate-keys-7.7.4.tgz#3d21731a42e3f598a73835299dd0169c3b90ac91"
    integrity sha1-PSFzGkLj9ZinODUpndAWnDuQrJE=
    dependencies:
      "@babel/helper-plugin-utils" "^7.0.0"
  
  "@babel/plugin-transform-exponentiation-operator@^7.7.4":
    version "7.7.4"
    resolved "http://registry.npm.baidu-int.com/@babel%2fplugin-transform-exponentiation-operator/-/plugin-transform-exponentiation-operator-7.7.4.tgz#dd30c0191e3a1ba19bcc7e389bdfddc0729d5db9"
    integrity sha1-3TDAGR46G6GbzH44m9/dwHKdXbk=
    dependencies:
      "@babel/helper-builder-binary-assignment-operator-visitor" "^7.7.4"
      "@babel/helper-plugin-utils" "^7.0.0"
  
  "@babel/plugin-transform-for-of@^7.7.4":
    version "7.7.4"
    resolved "http://registry.npm.baidu-int.com/@babel%2fplugin-transform-for-of/-/plugin-transform-for-of-7.7.4.tgz#248800e3a5e507b1f103d8b4ca998e77c63932bc"
    integrity sha1-JIgA46XlB7HxA9i0ypmOd8Y5Mrw=
    dependencies:
      "@babel/helper-plugin-utils" "^7.0.0"
  
  "@babel/plugin-transform-function-name@^7.7.4":
    version "7.7.4"
    resolved "http://registry.npm.baidu-int.com/@babel%2fplugin-transform-function-name/-/plugin-transform-function-name-7.7.4.tgz#75a6d3303d50db638ff8b5385d12451c865025b1"
    integrity sha1-dabTMD1Q22OP+LU4XRJFHIZQJbE=
    dependencies:
      "@babel/helper-function-name" "^7.7.4"
      "@babel/helper-plugin-utils" "^7.0.0"
  
  "@babel/plugin-transform-literals@^7.7.4":
    version "7.7.4"
    resolved "http://registry.npm.baidu-int.com/@babel%2fplugin-transform-literals/-/plugin-transform-literals-7.7.4.tgz#27fe87d2b5017a2a5a34d1c41a6b9f6a6262643e"
    integrity sha1-J/6H0rUBeipaNNHEGmufamJiZD4=
    dependencies:
      "@babel/helper-plugin-utils" "^7.0.0"
  
  "@babel/plugin-transform-member-expression-literals@^7.7.4":
    version "7.7.4"
    resolved "http://registry.npm.baidu-int.com/@babel%2fplugin-transform-member-expression-literals/-/plugin-transform-member-expression-literals-7.7.4.tgz#aee127f2f3339fc34ce5e3055d7ffbf7aa26f19a"
    integrity sha1-ruEn8vMzn8NM5eMFXX/796om8Zo=
    dependencies:
      "@babel/helper-plugin-utils" "^7.0.0"
  
  "@babel/plugin-transform-modules-amd@^7.7.5":
    version "7.7.5"
    resolved "http://registry.npm.baidu-int.com/@babel%2fplugin-transform-modules-amd/-/plugin-transform-modules-amd-7.7.5.tgz#39e0fb717224b59475b306402bb8eedab01e729c"
    integrity sha1-OeD7cXIktZR1swZAK7ju2rAecpw=
    dependencies:
      "@babel/helper-module-transforms" "^7.7.5"
      "@babel/helper-plugin-utils" "^7.0.0"
      babel-plugin-dynamic-import-node "^2.3.0"
  
  "@babel/plugin-transform-modules-commonjs@^7.7.5":
    version "7.7.5"
    resolved "http://registry.npm.baidu-int.com/@babel%2fplugin-transform-modules-commonjs/-/plugin-transform-modules-commonjs-7.7.5.tgz#1d27f5eb0bcf7543e774950e5b2fa782e637b345"
    integrity sha1-HSf16wvPdUPndJUOWy+nguY3s0U=
    dependencies:
      "@babel/helper-module-transforms" "^7.7.5"
      "@babel/helper-plugin-utils" "^7.0.0"
      "@babel/helper-simple-access" "^7.7.4"
      babel-plugin-dynamic-import-node "^2.3.0"
  
  "@babel/plugin-transform-modules-systemjs@^7.7.4":
    version "7.7.4"
    resolved "http://registry.npm.baidu-int.com/@babel%2fplugin-transform-modules-systemjs/-/plugin-transform-modules-systemjs-7.7.4.tgz#cd98152339d3e763dfe838b7d4273edaf520bb30"
    integrity sha1-zZgVIznT52Pf6Di31Cc+2vUguzA=
    dependencies:
      "@babel/helper-hoist-variables" "^7.7.4"
      "@babel/helper-plugin-utils" "^7.0.0"
      babel-plugin-dynamic-import-node "^2.3.0"
  
  "@babel/plugin-transform-modules-umd@^7.7.4":
    version "7.7.4"
    resolved "http://registry.npm.baidu-int.com/@babel%2fplugin-transform-modules-umd/-/plugin-transform-modules-umd-7.7.4.tgz#1027c355a118de0aae9fee00ad7813c584d9061f"
    integrity sha1-ECfDVaEY3gqun+4ArXgTxYTZBh8=
    dependencies:
      "@babel/helper-module-transforms" "^7.7.4"
      "@babel/helper-plugin-utils" "^7.0.0"
  
  "@babel/plugin-transform-named-capturing-groups-regex@^7.7.4":
    version "7.7.4"
    resolved "http://registry.npm.baidu-int.com/@babel%2fplugin-transform-named-capturing-groups-regex/-/plugin-transform-named-capturing-groups-regex-7.7.4.tgz#fb3bcc4ee4198e7385805007373d6b6f42c98220"
    integrity sha1-+zvMTuQZjnOFgFAHNz1rb0LJgiA=
    dependencies:
      "@babel/helper-create-regexp-features-plugin" "^7.7.4"
  
  "@babel/plugin-transform-new-target@^7.7.4":
    version "7.7.4"
    resolved "http://registry.npm.baidu-int.com/@babel%2fplugin-transform-new-target/-/plugin-transform-new-target-7.7.4.tgz#4a0753d2d60639437be07b592a9e58ee00720167"
    integrity sha1-SgdT0tYGOUN74HtZKp5Y7gByAWc=
    dependencies:
      "@babel/helper-plugin-utils" "^7.0.0"
  
  "@babel/plugin-transform-object-super@^7.7.4":
    version "7.7.4"
    resolved "http://registry.npm.baidu-int.com/@babel%2fplugin-transform-object-super/-/plugin-transform-object-super-7.7.4.tgz#48488937a2d586c0148451bf51af9d7dda567262"
    integrity sha1-SEiJN6LVhsAUhFG/Ua+dfdpWcmI=
    dependencies:
      "@babel/helper-plugin-utils" "^7.0.0"
      "@babel/helper-replace-supers" "^7.7.4"
  
  "@babel/plugin-transform-parameters@^7.7.4":
    version "7.7.4"
    resolved "http://registry.npm.baidu-int.com/@babel%2fplugin-transform-parameters/-/plugin-transform-parameters-7.7.4.tgz#da4555c97f39b51ac089d31c7380f03bca4075ce"
    integrity sha1-2kVVyX85tRrAidMcc4DwO8pAdc4=
    dependencies:
      "@babel/helper-call-delegate" "^7.7.4"
      "@babel/helper-get-function-arity" "^7.7.4"
      "@babel/helper-plugin-utils" "^7.0.0"
  
  "@babel/plugin-transform-property-literals@^7.7.4":
    version "7.7.4"
    resolved "http://registry.npm.baidu-int.com/@babel%2fplugin-transform-property-literals/-/plugin-transform-property-literals-7.7.4.tgz#2388d6505ef89b266103f450f9167e6bd73f98c2"
    integrity sha1-I4jWUF74myZhA/RQ+RZ+a9c/mMI=
    dependencies:
      "@babel/helper-plugin-utils" "^7.0.0"
  
  "@babel/plugin-transform-regenerator@^7.7.5":
    version "7.7.5"
    resolved "http://registry.npm.baidu-int.com/@babel%2fplugin-transform-regenerator/-/plugin-transform-regenerator-7.7.5.tgz#3a8757ee1a2780f390e89f246065ecf59c26fce9"
    integrity sha1-OodX7hongPOQ6J8kYGXs9Zwm/Ok=
    dependencies:
      regenerator-transform "^0.14.0"
  
  "@babel/plugin-transform-reserved-words@^7.7.4":
    version "7.7.4"
    resolved "http://registry.npm.baidu-int.com/@babel%2fplugin-transform-reserved-words/-/plugin-transform-reserved-words-7.7.4.tgz#6a7cf123ad175bb5c69aec8f6f0770387ed3f1eb"
    integrity sha1-anzxI60XW7XGmuyPbwdwOH7T8es=
    dependencies:
      "@babel/helper-plugin-utils" "^7.0.0"
  
  "@babel/plugin-transform-shorthand-properties@^7.7.4":
    version "7.7.4"
    resolved "http://registry.npm.baidu-int.com/@babel%2fplugin-transform-shorthand-properties/-/plugin-transform-shorthand-properties-7.7.4.tgz#74a0a9b2f6d67a684c6fbfd5f0458eb7ba99891e"
    integrity sha1-dKCpsvbWemhMb7/V8EWOt7qZiR4=
    dependencies:
      "@babel/helper-plugin-utils" "^7.0.0"
  
  "@babel/plugin-transform-spread@^7.7.4":
    version "7.7.4"
    resolved "http://registry.npm.baidu-int.com/@babel%2fplugin-transform-spread/-/plugin-transform-spread-7.7.4.tgz#aa673b356fe6b7e70d69b6e33a17fef641008578"
    integrity sha1-qmc7NW/mt+cNabbjOhf+9kEAhXg=
    dependencies:
      "@babel/helper-plugin-utils" "^7.0.0"
  
  "@babel/plugin-transform-sticky-regex@^7.7.4":
    version "7.7.4"
    resolved "http://registry.npm.baidu-int.com/@babel%2fplugin-transform-sticky-regex/-/plugin-transform-sticky-regex-7.7.4.tgz#ffb68c05090c30732076b1285dc1401b404a123c"
    integrity sha1-/7aMBQkMMHMgdrEoXcFAG0BKEjw=
    dependencies:
      "@babel/helper-plugin-utils" "^7.0.0"
      "@babel/helper-regex" "^7.0.0"
  
  "@babel/plugin-transform-template-literals@^7.7.4":
    version "7.7.4"
    resolved "http://registry.npm.baidu-int.com/@babel%2fplugin-transform-template-literals/-/plugin-transform-template-literals-7.7.4.tgz#1eb6411736dd3fe87dbd20cc6668e5121c17d604"
    integrity sha1-HrZBFzbdP+h9vSDMZmjlEhwX1gQ=
    dependencies:
      "@babel/helper-annotate-as-pure" "^7.7.4"
      "@babel/helper-plugin-utils" "^7.0.0"
  
  "@babel/plugin-transform-typeof-symbol@^7.7.4":
    version "7.7.4"
    resolved "http://registry.npm.baidu-int.com/@babel%2fplugin-transform-typeof-symbol/-/plugin-transform-typeof-symbol-7.7.4.tgz#3174626214f2d6de322882e498a38e8371b2140e"
    integrity sha1-MXRiYhTy1t4yKILkmKOOg3GyFA4=
    dependencies:
      "@babel/helper-plugin-utils" "^7.0.0"
  
  "@babel/plugin-transform-unicode-regex@^7.7.4":
    version "7.7.4"
    resolved "http://registry.npm.baidu-int.com/@babel%2fplugin-transform-unicode-regex/-/plugin-transform-unicode-regex-7.7.4.tgz#a3c0f65b117c4c81c5b6484f2a5e7b95346b83ae"
    integrity sha1-o8D2WxF8TIHFtkhPKl57lTRrg64=
    dependencies:
      "@babel/helper-create-regexp-features-plugin" "^7.7.4"
      "@babel/helper-plugin-utils" "^7.0.0"
  
  "@babel/preset-env@^7.7.5":
    version "7.7.5"
    resolved "http://registry.npm.baidu-int.com/@babel%2fpreset-env/-/preset-env-7.7.5.tgz#f28573ed493edb4ba763b37fb4fbb85601469370"
    integrity sha1-8oVz7Uk+20unY7N/tPu4VgFGk3A=
    dependencies:
      "@babel/helper-module-imports" "^7.7.4"
      "@babel/helper-plugin-utils" "^7.0.0"
      "@babel/plugin-proposal-async-generator-functions" "^7.7.4"
      "@babel/plugin-proposal-dynamic-import" "^7.7.4"
      "@babel/plugin-proposal-json-strings" "^7.7.4"
      "@babel/plugin-proposal-object-rest-spread" "^7.7.4"
      "@babel/plugin-proposal-optional-catch-binding" "^7.7.4"
      "@babel/plugin-proposal-unicode-property-regex" "^7.7.4"
      "@babel/plugin-syntax-async-generators" "^7.7.4"
      "@babel/plugin-syntax-dynamic-import" "^7.7.4"
      "@babel/plugin-syntax-json-strings" "^7.7.4"
      "@babel/plugin-syntax-object-rest-spread" "^7.7.4"
      "@babel/plugin-syntax-optional-catch-binding" "^7.7.4"
      "@babel/plugin-syntax-top-level-await" "^7.7.4"
      "@babel/plugin-transform-arrow-functions" "^7.7.4"
      "@babel/plugin-transform-async-to-generator" "^7.7.4"
      "@babel/plugin-transform-block-scoped-functions" "^7.7.4"
      "@babel/plugin-transform-block-scoping" "^7.7.4"
      "@babel/plugin-transform-classes" "^7.7.4"
      "@babel/plugin-transform-computed-properties" "^7.7.4"
      "@babel/plugin-transform-destructuring" "^7.7.4"
      "@babel/plugin-transform-dotall-regex" "^7.7.4"
      "@babel/plugin-transform-duplicate-keys" "^7.7.4"
      "@babel/plugin-transform-exponentiation-operator" "^7.7.4"
      "@babel/plugin-transform-for-of" "^7.7.4"
      "@babel/plugin-transform-function-name" "^7.7.4"
      "@babel/plugin-transform-literals" "^7.7.4"
      "@babel/plugin-transform-member-expression-literals" "^7.7.4"
      "@babel/plugin-transform-modules-amd" "^7.7.5"
      "@babel/plugin-transform-modules-commonjs" "^7.7.5"
      "@babel/plugin-transform-modules-systemjs" "^7.7.4"
      "@babel/plugin-transform-modules-umd" "^7.7.4"
      "@babel/plugin-transform-named-capturing-groups-regex" "^7.7.4"
      "@babel/plugin-transform-new-target" "^7.7.4"
      "@babel/plugin-transform-object-super" "^7.7.4"
      "@babel/plugin-transform-parameters" "^7.7.4"
      "@babel/plugin-transform-property-literals" "^7.7.4"
      "@babel/plugin-transform-regenerator" "^7.7.5"
      "@babel/plugin-transform-reserved-words" "^7.7.4"
      "@babel/plugin-transform-shorthand-properties" "^7.7.4"
      "@babel/plugin-transform-spread" "^7.7.4"
      "@babel/plugin-transform-sticky-regex" "^7.7.4"
      "@babel/plugin-transform-template-literals" "^7.7.4"
      "@babel/plugin-transform-typeof-symbol" "^7.7.4"
      "@babel/plugin-transform-unicode-regex" "^7.7.4"
      "@babel/types" "^7.7.4"
      browserslist "^4.6.0"
      core-js-compat "^3.4.7"
      invariant "^2.2.2"
      js-levenshtein "^1.1.3"
      semver "^5.5.0"
  
  "@babel/template@^7.7.4":
    version "7.7.4"
    resolved "http://registry.npm.baidu-int.com/@babel%2ftemplate/-/template-7.7.4.tgz#428a7d9eecffe27deac0a98e23bf8e3675d2a77b"
    integrity sha1-Qop9nuz/4n3qwKmOI7+ONnXSp3s=
    dependencies:
      "@babel/code-frame" "^7.0.0"
      "@babel/parser" "^7.7.4"
      "@babel/types" "^7.7.4"
  
  "@babel/traverse@^7.7.4":
    version "7.7.4"
    resolved "http://registry.npm.baidu-int.com/@babel%2ftraverse/-/traverse-7.7.4.tgz#9c1e7c60fb679fe4fcfaa42500833333c2058558"
    integrity sha1-nB58YPtnn+T8+qQlAIMzM8IFhVg=
    dependencies:
      "@babel/code-frame" "^7.5.5"
      "@babel/generator" "^7.7.4"
      "@babel/helper-function-name" "^7.7.4"
      "@babel/helper-split-export-declaration" "^7.7.4"
      "@babel/parser" "^7.7.4"
      "@babel/types" "^7.7.4"
      debug "^4.1.0"
      globals "^11.1.0"
      lodash "^4.17.13"
  
  "@babel/types@^7.7.4":
    version "7.7.4"
    resolved "http://registry.npm.baidu-int.com/@babel%2ftypes/-/types-7.7.4.tgz#516570d539e44ddf308c07569c258ff94fde9193"
    integrity sha1-UWVw1TnkTd8wjAdWnCWP+U/ekZM=
    dependencies:
      esutils "^2.0.2"
      lodash "^4.17.13"
      to-fast-properties "^2.0.0"
  
  abbrev@1:
    version "1.1.1"
    resolved "http://registry.npm.baidu-int.com/abbrev/-/abbrev-1.1.1.tgz#f8f2c887ad10bf67f634f005b6987fed3179aac8"
    integrity sha1-+PLIh60Qv2f2NPAFtph/7TF5qsg=
  
  ansi-regex@^2.0.0:
    version "2.1.1"
    resolved "http://registry.npm.baidu-int.com/ansi-regex/-/ansi-regex-2.1.1.tgz#c3b33ab5ee360d86e0e628f0468ae7ef27d654df"
    integrity sha1-w7M6te42DYbg5ijwRorn7yfWVN8=
  
  ansi-regex@^3.0.0:
    version "3.0.0"
    resolved "http://registry.npm.baidu-int.com/ansi-regex/-/ansi-regex-3.0.0.tgz#ed0317c322064f79466c02966bddb605ab37d998"
    integrity sha1-7QMXwyIGT3lGbAKWa922Bas32Zg=
  
  ansi-styles@^3.2.1:
    version "3.2.1"
    resolved "http://registry.npm.baidu-int.com/ansi-styles/-/ansi-styles-3.2.1.tgz#41fbb20243e50b12be0f04b8dedbf07520ce841d"
    integrity sha1-QfuyAkPlCxK+DwS43tvwdSDOhB0=
    dependencies:
      color-convert "^1.9.0"
  
  anymatch@^2.0.0:
    version "2.0.0"
    resolved "http://registry.npm.baidu-int.com/anymatch/-/anymatch-2.0.0.tgz#bcb24b4f37934d9aa7ac17b4adaf89e7c76ef2eb"
    integrity sha1-vLJLTzeTTZqnrBe0ra+J58du8us=
    dependencies:
      micromatch "^3.1.4"
      normalize-path "^2.1.1"
  
  aproba@^1.0.3:
    version "1.2.0"
    resolved "http://registry.npm.baidu-int.com/aproba/-/aproba-1.2.0.tgz#6802e6264efd18c790a1b0d517f0f2627bf2c94a"
    integrity sha1-aALmJk79GMeQobDVF/DyYnvyyUo=
  
  are-we-there-yet@~1.1.2:
    version "1.1.5"
    resolved "http://registry.npm.baidu-int.com/are-we-there-yet/-/are-we-there-yet-1.1.5.tgz#4b35c2944f062a8bfcda66410760350fe9ddfc21"
    integrity sha512-5hYdAkZlcG8tOLujVDTgCT+uPX0VnpAH28gWsLfzpXYm7wP6mp5Q/gYyR7YQ0cKVJcXJnl3j2kpBan13PtQf6w==
    dependencies:
      delegates "^1.0.0"
      readable-stream "^2.0.6"
  
  arr-diff@^4.0.0:
    version "4.0.0"
    resolved "http://registry.npm.baidu-int.com/arr-diff/-/arr-diff-4.0.0.tgz#d6461074febfec71e7e15235761a329a5dc7c520"
    integrity sha1-1kYQdP6/7HHn4VI1dhoyml3HxSA=
  
  arr-flatten@^1.1.0:
    version "1.1.0"
    resolved "http://registry.npm.baidu-int.com/arr-flatten/-/arr-flatten-1.1.0.tgz#36048bbff4e7b47e136644316c99669ea5ae91f1"
    integrity sha1-NgSLv/TntH4TZkQxbJlmnqWukfE=
  
  arr-union@^3.1.0:
    version "3.1.0"
    resolved "http://registry.npm.baidu-int.com/arr-union/-/arr-union-3.1.0.tgz#e39b09aea9def866a8f206e288af63919bae39c4"
    integrity sha1-45sJrqne+Gao8gbiiK9jkZuuOcQ=
  
  array-unique@^0.3.2:
    version "0.3.2"
    resolved "http://registry.npm.baidu-int.com/array-unique/-/array-unique-0.3.2.tgz#a894b75d4bc4f6cd679ef3244a9fd8f46ae2d428"
    integrity sha1-qJS3XUvE9s1nnvMkSp/Y9Gri1Cg=
  
  assign-symbols@^1.0.0:
    version "1.0.0"
    resolved "http://registry.npm.baidu-int.com/assign-symbols/-/assign-symbols-1.0.0.tgz#59667f41fadd4f20ccbc2bb96b8d4f7f78ec0367"
    integrity sha1-WWZ/QfrdTyDMvCu5a41Pf3jsA2c=
  
  async-each@^1.0.1:
    version "1.0.3"
    resolved "http://registry.npm.baidu-int.com/async-each/-/async-each-1.0.3.tgz#b727dbf87d7651602f06f4d4ac387f47d91b0cbf"
    integrity sha1-tyfb+H12UWAvBvTUrDh/R9kbDL8=
  
  atob@^2.1.1:
    version "2.1.2"
    resolved "http://registry.npm.baidu-int.com/atob/-/atob-2.1.2.tgz#6d9517eb9e030d2436666651e86bd9f6f13533c9"
    integrity sha512-Wm6ukoaOGJi/73p/cl2GvLjTI5JM1k/O14isD73YML8StrH/7/lRFgmg8nICZgD3bZZvjwCGxtMOD3wWNAu8cg==
  
  babel-plugin-dynamic-import-node@^2.3.0:
    version "2.3.0"
    resolved "http://registry.npm.baidu-int.com/babel-plugin-dynamic-import-node/-/babel-plugin-dynamic-import-node-2.3.0.tgz#f00f507bdaa3c3e3ff6e7e5e98d90a7acab96f7f"
    integrity sha512-o6qFkpeQEBxcqt0XYlWzAVxNCSCZdUgcR8IRlhD/8DylxjjO4foPcvTW0GGKa/cVt3rvxZ7o5ippJ+/0nvLhlQ==
    dependencies:
      object.assign "^4.1.0"
  
  balanced-match@^1.0.0:
    version "1.0.0"
    resolved "http://registry.npm.baidu-int.com/balanced-match/-/balanced-match-1.0.0.tgz#89b4d199ab2bee49de164ea02b89ce462d71b767"
    integrity sha1-ibTRmasr7kneFk6gK4nORi1xt2c=
  
  base@^0.11.1:
    version "0.11.2"
    resolved "http://registry.npm.baidu-int.com/base/-/base-0.11.2.tgz#7bde5ced145b6d551a90db87f83c558b4eb48a8f"
    integrity sha1-e95c7RRbbVUakNuH+DxVi060io8=
    dependencies:
      cache-base "^1.0.1"
      class-utils "^0.3.5"
      component-emitter "^1.2.1"
      define-property "^1.0.0"
      isobject "^3.0.1"
      mixin-deep "^1.2.0"
      pascalcase "^0.1.1"
  
  binary-extensions@^1.0.0:
    version "1.13.1"
    resolved "http://registry.npm.baidu-int.com/binary-extensions/-/binary-extensions-1.13.1.tgz#598afe54755b2868a5330d2aff9d4ebb53209b65"
    integrity sha1-WYr+VHVbKGilMw0q/51Ou1Mgm2U=
  
  brace-expansion@^1.1.7:
    version "1.1.11"
    resolved "http://registry.npm.baidu-int.com/brace-expansion/-/brace-expansion-1.1.11.tgz#3c7fcbf529d87226f3d2f52b966ff5271eb441dd"
    integrity sha1-PH/L9SnYcibz0vUrlm/1Jx60Qd0=
    dependencies:
      balanced-match "^1.0.0"
      concat-map "0.0.1"
  
  braces@^2.3.1, braces@^2.3.2:
    version "2.3.2"
    resolved "http://registry.npm.baidu-int.com/braces/-/braces-2.3.2.tgz#5979fd3f14cd531565e5fa2df1abfff1dfaee729"
    integrity sha512-aNdbnj9P8PjdXU4ybaWLK2IF3jc/EoDYbC7AazW6to3TRsfXxscC9UXOB5iDiEQrkyIbWp2SLQda4+QAa7nc3w==
    dependencies:
      arr-flatten "^1.1.0"
      array-unique "^0.3.2"
      extend-shallow "^2.0.1"
      fill-range "^4.0.0"
      isobject "^3.0.1"
      repeat-element "^1.1.2"
      snapdragon "^0.8.1"
      snapdragon-node "^2.0.1"
      split-string "^3.0.2"
      to-regex "^3.0.1"
  
  browserslist@^4.6.0, browserslist@^4.8.0:
    version "4.8.2"
    resolved "http://registry.npm.baidu-int.com/browserslist/-/browserslist-4.8.2.tgz#b45720ad5fbc8713b7253c20766f701c9a694289"
    integrity sha1-tFcgrV+8hxO3JTwgdm9wHJppQok=
    dependencies:
      caniuse-lite "^1.0.30001015"
      electron-to-chromium "^1.3.322"
      node-releases "^1.1.42"
  
  cache-base@^1.0.1:
    version "1.0.1"
    resolved "http://registry.npm.baidu-int.com/cache-base/-/cache-base-1.0.1.tgz#0a7f46416831c8b662ee36fe4e7c59d76f666ab2"
    integrity sha1-Cn9GQWgxyLZi7jb+TnxZ129marI=
    dependencies:
      collection-visit "^1.0.0"
      component-emitter "^1.2.1"
      get-value "^2.0.6"
      has-value "^1.0.0"
      isobject "^3.0.1"
      set-value "^2.0.0"
      to-object-path "^0.3.0"
      union-value "^1.0.0"
      unset-value "^1.0.0"
  
  caniuse-lite@^1.0.30001015:
    version "1.0.30001015"
    resolved "http://registry.npm.baidu-int.com/caniuse-lite/-/caniuse-lite-1.0.30001015.tgz#15a7ddf66aba786a71d99626bc8f2b91c6f0f5f0"
    integrity sha1-Fafd9mq6eGpx2ZYmvI8rkcbw9fA=
  
  chalk@^2.0.0:
    version "2.4.2"
    resolved "http://registry.npm.baidu-int.com/chalk/-/chalk-2.4.2.tgz#cd42541677a54333cf541a49108c1432b44c9424"
    integrity sha1-zUJUFnelQzPPVBpJEIwUMrRMlCQ=
    dependencies:
      ansi-styles "^3.2.1"
      escape-string-regexp "^1.0.5"
      supports-color "^5.3.0"
  
  chokidar@^2.1.8:
    version "2.1.8"
    resolved "http://registry.npm.baidu-int.com/chokidar/-/chokidar-2.1.8.tgz#804b3a7b6a99358c3c5c61e71d8728f041cff917"
    integrity sha512-ZmZUazfOzf0Nve7duiCKD23PFSCs4JPoYyccjUFF3aQkQadqBhfzhjkwBH2mNOG9cTBwhamM37EIsIkZw3nRgg==
    dependencies:
      anymatch "^2.0.0"
      async-each "^1.0.1"
      braces "^2.3.2"
      glob-parent "^3.1.0"
      inherits "^2.0.3"
      is-binary-path "^1.0.0"
      is-glob "^4.0.0"
      normalize-path "^3.0.0"
      path-is-absolute "^1.0.0"
      readdirp "^2.2.1"
      upath "^1.1.1"
    optionalDependencies:
      fsevents "^1.2.7"
  
  chownr@^1.1.1:
    version "1.1.3"
    resolved "http://registry.npm.baidu-int.com/chownr/-/chownr-1.1.3.tgz#42d837d5239688d55f303003a508230fa6727142"
    integrity sha512-i70fVHhmV3DtTl6nqvZOnIjbY0Pe4kAUjwHj8z0zAdgBtYrJyYwLKCCuRBQ5ppkyL0AkN7HKRnETdmdp1zqNXw==
  
  class-utils@^0.3.5:
    version "0.3.6"
    resolved "http://registry.npm.baidu-int.com/class-utils/-/class-utils-0.3.6.tgz#f93369ae8b9a7ce02fd41faad0ca83033190c463"
    integrity sha1-+TNprouafOAv1B+q0MqDAzGQxGM=
    dependencies:
      arr-union "^3.1.0"
      define-property "^0.2.5"
      isobject "^3.0.0"
      static-extend "^0.1.1"
  
  code-point-at@^1.0.0:
    version "1.1.0"
    resolved "http://registry.npm.baidu-int.com/code-point-at/-/code-point-at-1.1.0.tgz#0d070b4d043a5bea33a2f1a40e2edb3d9a4ccf77"
    integrity sha1-DQcLTQQ6W+ozovGkDi7bPZpMz3c=
  
  collection-visit@^1.0.0:
    version "1.0.0"
    resolved "http://registry.npm.baidu-int.com/collection-visit/-/collection-visit-1.0.0.tgz#4bc0373c164bc3291b4d368c829cf1a80a59dca0"
    integrity sha1-S8A3PBZLwykbTTaMgpzxqApZ3KA=
    dependencies:
      map-visit "^1.0.0"
      object-visit "^1.0.0"
  
  color-convert@^1.9.0:
    version "1.9.3"
    resolved "http://registry.npm.baidu-int.com/color-convert/-/color-convert-1.9.3.tgz#bb71850690e1f136567de629d2d5471deda4c1e8"
    integrity sha512-QfAUtd+vFdAtFQcC8CCyYt1fYWxSqAiK2cSD6zDB8N3cpsEBAvRxp9zOGg6G/SHHJYAT88/az/IuDGALsNVbGg==
    dependencies:
      color-name "1.1.3"
  
  color-name@1.1.3:
    version "1.1.3"
    resolved "http://registry.npm.baidu-int.com/color-name/-/color-name-1.1.3.tgz#a7d0558bd89c42f795dd42328f740831ca53bc25"
    integrity sha1-p9BVi9icQveV3UIyj3QIMcpTvCU=
  
  commander@^4.0.1:
    version "4.0.1"
    resolved "http://registry.npm.baidu-int.com/commander/-/commander-4.0.1.tgz#b67622721785993182e807f4883633e6401ba53c"
    integrity sha512-IPF4ouhCP+qdlcmCedhxX4xiGBPyigb8v5NeUp+0LyhwLgxMqyp3S0vl7TAPfS/hiP7FC3caI/PB9lTmP8r1NA==
  
  component-emitter@^1.2.1:
    version "1.3.0"
    resolved "http://registry.npm.baidu-int.com/component-emitter/-/component-emitter-1.3.0.tgz#16e4070fba8ae29b679f2215853ee181ab2eabc0"
    integrity sha1-FuQHD7qK4ptnnyIVhT7hgasuq8A=
  
  concat-map@0.0.1:
    version "0.0.1"
    resolved "http://registry.npm.baidu-int.com/concat-map/-/concat-map-0.0.1.tgz#d8a96bd77fd68df7793a73036a3ba0d5405d477b"
    integrity sha1-2Klr13/Wjfd5OnMDajug1UBdR3s=
  
  console-control-strings@^1.0.0, console-control-strings@~1.1.0:
    version "1.1.0"
    resolved "http://registry.npm.baidu-int.com/console-control-strings/-/console-control-strings-1.1.0.tgz#3d7cf4464db6446ea644bf4b39507f9851008e8e"
    integrity sha1-PXz0Rk22RG6mRL9LOVB/mFEAjo4=
  
  convert-source-map@^1.1.0, convert-source-map@^1.7.0:
    version "1.7.0"
    resolved "http://registry.npm.baidu-int.com/convert-source-map/-/convert-source-map-1.7.0.tgz#17a2cb882d7f77d3490585e2ce6c524424a3a442"
    integrity sha512-4FJkXzKXEDB1snCFZlLP4gpC3JILicCpGbzG9f9G7tGqGCzETQ2hWPrcinA9oU4wtf2biUaEH5065UnMeR33oA==
    dependencies:
      safe-buffer "~5.1.1"
  
  copy-descriptor@^0.1.0:
    version "0.1.1"
    resolved "http://registry.npm.baidu-int.com/copy-descriptor/-/copy-descriptor-0.1.1.tgz#676f6eb3c39997c2ee1ac3a924fd6124748f578d"
    integrity sha1-Z29us8OZl8LuGsOpJP1hJHSPV40=
  
  core-js-compat@^3.4.7:
    version "3.4.7"
    resolved "http://registry.npm.baidu-int.com/core-js-compat/-/core-js-compat-3.4.7.tgz#39f8080b1d92a524d6d90505c42b9c5c1eb90611"
    integrity sha1-OfgICx2SpSTW2QUFxCucXB65BhE=
    dependencies:
      browserslist "^4.8.0"
      semver "^6.3.0"
  
  core-util-is@~1.0.0:
    version "1.0.2"
    resolved "http://registry.npm.baidu-int.com/core-util-is/-/core-util-is-1.0.2.tgz#b5fd54220aa2bc5ab57aab7140c940754503c1a7"
    integrity sha1-tf1UIgqivFq1eqtxQMlAdUUDwac=
  
  debug@^2.2.0, debug@^2.3.3:
    version "2.6.9"
    resolved "http://registry.npm.baidu-int.com/debug/-/debug-2.6.9.tgz#5d128515df134ff327e90a4c93f4e077a536341f"
    integrity sha1-XRKFFd8TT/Mn6QpMk/Tgd6U2NB8=
    dependencies:
      ms "2.0.0"
  
  debug@^3.2.6:
    version "3.2.6"
    resolved "http://registry.npm.baidu-int.com/debug/-/debug-3.2.6.tgz#e83d17de16d8a7efb7717edbe5fb10135eee629b"
    integrity sha512-mel+jf7nrtEl5Pn1Qx46zARXKDpBbvzezse7p7LqINmdoIk8PYP5SySaxEmYv6TZ0JyEKA1hsCId6DIhgITtWQ==
    dependencies:
      ms "^2.1.1"
  
  debug@^4.1.0:
    version "4.1.1"
    resolved "http://registry.npm.baidu-int.com/debug/-/debug-4.1.1.tgz#3b72260255109c6b589cee050f1d516139664791"
    integrity sha1-O3ImAlUQnGtYnO4FDx1RYTlmR5E=
    dependencies:
      ms "^2.1.1"
  
  decode-uri-component@^0.2.0:
    version "0.2.0"
    resolved "http://registry.npm.baidu-int.com/decode-uri-component/-/decode-uri-component-0.2.0.tgz#eb3913333458775cb84cd1a1fae062106bb87545"
    integrity sha1-6zkTMzRYd1y4TNGh+uBiEGu4dUU=
  
  deep-extend@^0.6.0:
    version "0.6.0"
    resolved "http://registry.npm.baidu-int.com/deep-extend/-/deep-extend-0.6.0.tgz#c4fa7c95404a17a9c3e8ca7e1537312b736330ac"
    integrity sha512-LOHxIOaPYdHlJRtCQfDIVZtfw/ufM8+rVj649RIHzcm/vGwQRXFt6OPqIFWsm2XEMrNIEtWR64sY1LEKD2vAOA==
  
  define-properties@^1.1.2:
    version "1.1.3"
    resolved "http://registry.npm.baidu-int.com/define-properties/-/define-properties-1.1.3.tgz#cf88da6cbee26fe6db7094f61d870cbd84cee9f1"
    integrity sha512-3MqfYKj2lLzdMSf8ZIZE/V+Zuy+BgD6f164e8K2w7dgnpKArBDerGYpM46IYYcjnkdPNMjPk9A6VFB8+3SKlXQ==
    dependencies:
      object-keys "^1.0.12"
  
  define-property@^0.2.5:
    version "0.2.5"
    resolved "http://registry.npm.baidu-int.com/define-property/-/define-property-0.2.5.tgz#c35b1ef918ec3c990f9a5bc57be04aacec5c8116"
    integrity sha1-w1se+RjsPJkPmlvFe+BKrOxcgRY=
    dependencies:
      is-descriptor "^0.1.0"
  
  define-property@^1.0.0:
    version "1.0.0"
    resolved "http://registry.npm.baidu-int.com/define-property/-/define-property-1.0.0.tgz#769ebaaf3f4a63aad3af9e8d304c9bbe79bfb0e6"
    integrity sha1-dp66rz9KY6rTr56NMEybvnm/sOY=
    dependencies:
      is-descriptor "^1.0.0"
  
  define-property@^2.0.2:
    version "2.0.2"
    resolved "http://registry.npm.baidu-int.com/define-property/-/define-property-2.0.2.tgz#d459689e8d654ba77e02a817f8710d702cb16e9d"
    integrity sha1-1Flono1lS6d+AqgX+HENcCyxbp0=
    dependencies:
      is-descriptor "^1.0.2"
      isobject "^3.0.1"
  
  delegates@^1.0.0:
    version "1.0.0"
    resolved "http://registry.npm.baidu-int.com/delegates/-/delegates-1.0.0.tgz#84c6e159b81904fdca59a0ef44cd870d31250f9a"
    integrity sha1-hMbhWbgZBP3KWaDvRM2HDTElD5o=
  
  detect-libc@^1.0.2:
    version "1.0.3"
    resolved "http://registry.npm.baidu-int.com/detect-libc/-/detect-libc-1.0.3.tgz#fa137c4bd698edf55cd5cd02ac559f91a4c4ba9b"
    integrity sha1-+hN8S9aY7fVc1c0CrFWfkaTEups=
  
  electron-to-chromium@^1.3.322:
    version "1.3.322"
    resolved "http://registry.npm.baidu-int.com/electron-to-chromium/-/electron-to-chromium-1.3.322.tgz#a6f7e1c79025c2b05838e8e344f6e89eb83213a8"
    integrity sha1-pvfhx5AlwrBYOOjjRPbonrgyE6g=
  
  escape-string-regexp@^1.0.5:
    version "1.0.5"
    resolved "http://registry.npm.baidu-int.com/escape-string-regexp/-/escape-string-regexp-1.0.5.tgz#1b61c0562190a8dff6ae3bb2cf0200ca130b86d4"
    integrity sha1-G2HAViGQqN/2rjuyzwIAyhMLhtQ=
  
  esutils@^2.0.2:
    version "2.0.3"
    resolved "http://registry.npm.baidu-int.com/esutils/-/esutils-2.0.3.tgz#74d2eb4de0b8da1293711910d50775b9b710ef64"
    integrity sha512-kVscqXk4OCp68SZ0dkgEKVi6/8ij300KBWTJq32P/dYeWTSwK41WyTxalN1eRmA5Z9UU/LX9D7FWSmV9SAYx6g==
  
  expand-brackets@^2.1.4:
    version "2.1.4"
    resolved "http://registry.npm.baidu-int.com/expand-brackets/-/expand-brackets-2.1.4.tgz#b77735e315ce30f6b6eff0f83b04151a22449622"
    integrity sha1-t3c14xXOMPa27/D4OwQVGiJEliI=
    dependencies:
      debug "^2.3.3"
      define-property "^0.2.5"
      extend-shallow "^2.0.1"
      posix-character-classes "^0.1.0"
      regex-not "^1.0.0"
      snapdragon "^0.8.1"
      to-regex "^3.0.1"
  
  extend-shallow@^2.0.1:
    version "2.0.1"
    resolved "http://registry.npm.baidu-int.com/extend-shallow/-/extend-shallow-2.0.1.tgz#51af7d614ad9a9f610ea1bafbb989d6b1c56890f"
    integrity sha1-Ua99YUrZqfYQ6huvu5idaxxWiQ8=
    dependencies:
      is-extendable "^0.1.0"
  
  extend-shallow@^3.0.0, extend-shallow@^3.0.2:
    version "3.0.2"
    resolved "http://registry.npm.baidu-int.com/extend-shallow/-/extend-shallow-3.0.2.tgz#26a71aaf073b39fb2127172746131c2704028db8"
    integrity sha1-Jqcarwc7OfshJxcnRhMcJwQCjbg=
    dependencies:
      assign-symbols "^1.0.0"
      is-extendable "^1.0.1"
  
  extglob@^2.0.4:
    version "2.0.4"
    resolved "http://registry.npm.baidu-int.com/extglob/-/extglob-2.0.4.tgz#ad00fe4dc612a9232e8718711dc5cb5ab0285543"
    integrity sha1-rQD+TcYSqSMuhxhxHcXLWrAoVUM=
    dependencies:
      array-unique "^0.3.2"
      define-property "^1.0.0"
      expand-brackets "^2.1.4"
      extend-shallow "^2.0.1"
      fragment-cache "^0.2.1"
      regex-not "^1.0.0"
      snapdragon "^0.8.1"
      to-regex "^3.0.1"
  
  fill-range@^4.0.0:
    version "4.0.0"
    resolved "http://registry.npm.baidu-int.com/fill-range/-/fill-range-4.0.0.tgz#d544811d428f98eb06a63dc402d2403c328c38f7"
    integrity sha1-1USBHUKPmOsGpj3EAtJAPDKMOPc=
    dependencies:
      extend-shallow "^2.0.1"
      is-number "^3.0.0"
      repeat-string "^1.6.1"
      to-regex-range "^2.1.0"
  
  for-in@^1.0.2:
    version "1.0.2"
    resolved "http://registry.npm.baidu-int.com/for-in/-/for-in-1.0.2.tgz#81068d295a8142ec0ac726c6e2200c30fb6d5e80"
    integrity sha1-gQaNKVqBQuwKxybG4iAMMPttXoA=
  
  fragment-cache@^0.2.1:
    version "0.2.1"
    resolved "http://registry.npm.baidu-int.com/fragment-cache/-/fragment-cache-0.2.1.tgz#4290fad27f13e89be7f33799c6bc5a0abfff0d19"
    integrity sha1-QpD60n8T6Jvn8zeZxrxaCr//DRk=
    dependencies:
      map-cache "^0.2.2"
  
  fs-minipass@^1.2.5:
    version "1.2.7"
    resolved "http://registry.npm.baidu-int.com/fs-minipass/-/fs-minipass-1.2.7.tgz#ccff8570841e7fe4265693da88936c55aed7f7c7"
    integrity sha512-GWSSJGFy4e9GUeCcbIkED+bgAoFyj7XF1mV8rma3QW4NIqX9Kyx79N/PF61H5udOV3aY1IaMLs6pGbH71nlCTA==
    dependencies:
      minipass "^2.6.0"
  
  fs-readdir-recursive@^1.1.0:
    version "1.1.0"
    resolved "http://registry.npm.baidu-int.com/fs-readdir-recursive/-/fs-readdir-recursive-1.1.0.tgz#e32fc030a2ccee44a6b5371308da54be0b397d27"
    integrity sha1-4y/AMKLM7kSmtTcTCNpUvgs5fSc=
  
  fs.realpath@^1.0.0:
    version "1.0.0"
    resolved "http://registry.npm.baidu-int.com/fs.realpath/-/fs.realpath-1.0.0.tgz#1504ad2523158caa40db4a2787cb01411994ea4f"
    integrity sha1-FQStJSMVjKpA20onh8sBQRmU6k8=
  
  fsevents@^1.2.7:
    version "1.2.9"
    resolved "http://registry.npm.baidu-int.com/fsevents/-/fsevents-1.2.9.tgz#3f5ed66583ccd6f400b5a00db6f7e861363e388f"
    integrity sha1-P17WZYPM1vQAtaANtvfoYTY+OI8=
    dependencies:
      nan "^2.12.1"
      node-pre-gyp "^0.12.0"
  
  function-bind@^1.1.1:
    version "1.1.1"
    resolved "http://registry.npm.baidu-int.com/function-bind/-/function-bind-1.1.1.tgz#a56899d3ea3c9bab874bb9773b7c5ede92f4895d"
    integrity sha1-pWiZ0+o8m6uHS7l3O3xe3pL0iV0=
  
  gauge@~2.7.3:
    version "2.7.4"
    resolved "http://registry.npm.baidu-int.com/gauge/-/gauge-2.7.4.tgz#2c03405c7538c39d7eb37b317022e325fb018bf7"
    integrity sha1-LANAXHU4w51+s3sxcCLjJfsBi/c=
    dependencies:
      aproba "^1.0.3"
      console-control-strings "^1.0.0"
      has-unicode "^2.0.0"
      object-assign "^4.1.0"
      signal-exit "^3.0.0"
      string-width "^1.0.1"
      strip-ansi "^3.0.1"
      wide-align "^1.1.0"
  
  get-value@^2.0.3, get-value@^2.0.6:
    version "2.0.6"
    resolved "http://registry.npm.baidu-int.com/get-value/-/get-value-2.0.6.tgz#dc15ca1c672387ca76bd37ac0a395ba2042a2c28"
    integrity sha1-3BXKHGcjh8p2vTesCjlbogQqLCg=
  
  glob-parent@^3.1.0:
    version "3.1.0"
    resolved "http://registry.npm.baidu-int.com/glob-parent/-/glob-parent-3.1.0.tgz#9e6af6299d8d3bd2bd40430832bd113df906c5ae"
    integrity sha1-nmr2KZ2NO9K9QEMIMr0RPfkGxa4=
    dependencies:
      is-glob "^3.1.0"
      path-dirname "^1.0.0"
  
  glob@^7.0.0, glob@^7.1.3:
    version "7.1.6"
    resolved "http://registry.npm.baidu-int.com/glob/-/glob-7.1.6.tgz#141f33b81a7c2492e125594307480c46679278a6"
    integrity sha512-LwaxwyZ72Lk7vZINtNNrywX0ZuLyStrdDtabefZKAY5ZGJhVtgdznluResxNmPitE0SAO+O26sWTHeKSI2wMBA==
    dependencies:
      fs.realpath "^1.0.0"
      inflight "^1.0.4"
      inherits "2"
      minimatch "^3.0.4"
      once "^1.3.0"
      path-is-absolute "^1.0.0"
  
  globals@^11.1.0:
    version "11.12.0"
    resolved "http://registry.npm.baidu-int.com/globals/-/globals-11.12.0.tgz#ab8795338868a0babd8525758018c2a7eb95c42e"
    integrity sha1-q4eVM4hooLq9hSV1gBjCp+uVxC4=
  
  graceful-fs@^4.1.11:
    version "4.2.3"
    resolved "http://registry.npm.baidu-int.com/graceful-fs/-/graceful-fs-4.2.3.tgz#4a12ff1b60376ef09862c2093edd908328be8423"
    integrity sha512-a30VEBm4PEdx1dRB7MFK7BejejvCvBronbLjht+sHuGYj8PHs7M/5Z+rt5lw551vZ7yfTCj4Vuyy3mSJytDWRQ==
  
  has-flag@^3.0.0:
    version "3.0.0"
    resolved "http://registry.npm.baidu-int.com/has-flag/-/has-flag-3.0.0.tgz#b5d454dc2199ae225699f3467e5a07f3b955bafd"
    integrity sha1-tdRU3CGZriJWmfNGfloH87lVuv0=
  
  has-symbols@^1.0.0:
    version "1.0.1"
    resolved "http://registry.npm.baidu-int.com/has-symbols/-/has-symbols-1.0.1.tgz#9f5214758a44196c406d9bd76cebf81ec2dd31e8"
    integrity sha1-n1IUdYpEGWxAbZvXbOv4HsLdMeg=
  
  has-unicode@^2.0.0:
    version "2.0.1"
    resolved "http://registry.npm.baidu-int.com/has-unicode/-/has-unicode-2.0.1.tgz#e0e6fe6a28cf51138855e086d1691e771de2a8b9"
    integrity sha1-4Ob+aijPUROIVeCG0Wkedx3iqLk=
  
  has-value@^0.3.1:
    version "0.3.1"
    resolved "http://registry.npm.baidu-int.com/has-value/-/has-value-0.3.1.tgz#7b1f58bada62ca827ec0a2078025654845995e1f"
    integrity sha1-ex9YutpiyoJ+wKIHgCVlSEWZXh8=
    dependencies:
      get-value "^2.0.3"
      has-values "^0.1.4"
      isobject "^2.0.0"
  
  has-value@^1.0.0:
    version "1.0.0"
    resolved "http://registry.npm.baidu-int.com/has-value/-/has-value-1.0.0.tgz#18b281da585b1c5c51def24c930ed29a0be6b177"
    integrity sha1-GLKB2lhbHFxR3vJMkw7SmgvmsXc=
    dependencies:
      get-value "^2.0.6"
      has-values "^1.0.0"
      isobject "^3.0.0"
  
  has-values@^0.1.4:
    version "0.1.4"
    resolved "http://registry.npm.baidu-int.com/has-values/-/has-values-0.1.4.tgz#6d61de95d91dfca9b9a02089ad384bff8f62b771"
    integrity sha1-bWHeldkd/Km5oCCJrThL/49it3E=
  
  has-values@^1.0.0:
    version "1.0.0"
    resolved "http://registry.npm.baidu-int.com/has-values/-/has-values-1.0.0.tgz#95b0b63fec2146619a6fe57fe75628d5a39efe4f"
    integrity sha1-lbC2P+whRmGab+V/51Yo1aOe/k8=
    dependencies:
      is-number "^3.0.0"
      kind-of "^4.0.0"
  
  iconv-lite@^0.4.4:
    version "0.4.24"
    resolved "http://registry.npm.baidu-int.com/iconv-lite/-/iconv-lite-0.4.24.tgz#2022b4b25fbddc21d2f524974a474aafe733908b"
    integrity sha512-v3MXnZAcvnywkTUEZomIActle7RXXeedOR31wwl7VlyoXO4Qi9arvSenNQWne1TcRwhCL1HwLI21bEqdpj8/rA==
    dependencies:
      safer-buffer ">= 2.1.2 < 3"
  
  ignore-walk@^3.0.1:
    version "3.0.3"
    resolved "http://registry.npm.baidu-int.com/ignore-walk/-/ignore-walk-3.0.3.tgz#017e2447184bfeade7c238e4aefdd1e8f95b1e37"
    integrity sha512-m7o6xuOaT1aqheYHKf8W6J5pYH85ZI9w077erOzLje3JsB1gkafkAhHHY19dqjulgIZHFm32Cp5uNZgcQqdJKw==
    dependencies:
      minimatch "^3.0.4"
  
  inflight@^1.0.4:
    version "1.0.6"
    resolved "http://registry.npm.baidu-int.com/inflight/-/inflight-1.0.6.tgz#49bd6331d7d02d0c09bc910a1075ba8165b56df9"
    integrity sha1-Sb1jMdfQLQwJvJEKEHW6gWW1bfk=
    dependencies:
      once "^1.3.0"
      wrappy "1"
  
  inherits@2, inherits@^2.0.3, inherits@~2.0.3:
    version "2.0.4"
    resolved "http://registry.npm.baidu-int.com/inherits/-/inherits-2.0.4.tgz#0fa2c64f932917c3433a0ded55363aae37416b7c"
    integrity sha512-k/vGaX4/Yla3WzyMCvTQOXYeIHvqOKtnqBduzTHpzpQZzAskKMhZ2K+EnBiSM9zGSoIFeMpXKxa4dYeZIQqewQ==
  
  ini@~1.3.0:
    version "1.3.5"
    resolved "http://registry.npm.baidu-int.com/ini/-/ini-1.3.5.tgz#eee25f56db1c9ec6085e0c22778083f596abf927"
    integrity sha1-7uJfVtscnsYIXgwid4CD9Zar+Sc=
  
  invariant@^2.2.2:
    version "2.2.4"
    resolved "http://registry.npm.baidu-int.com/invariant/-/invariant-2.2.4.tgz#610f3c92c9359ce1db616e538008d23ff35158e6"
    integrity sha1-YQ88ksk1nOHbYW5TgAjSP/NRWOY=
    dependencies:
      loose-envify "^1.0.0"
  
  is-accessor-descriptor@^0.1.6:
    version "0.1.6"
    resolved "http://registry.npm.baidu-int.com/is-accessor-descriptor/-/is-accessor-descriptor-0.1.6.tgz#a9e12cb3ae8d876727eeef3843f8a0897b5c98d6"
    integrity sha1-qeEss66Nh2cn7u84Q/igiXtcmNY=
    dependencies:
      kind-of "^3.0.2"
  
  is-accessor-descriptor@^1.0.0:
    version "1.0.0"
    resolved "http://registry.npm.baidu-int.com/is-accessor-descriptor/-/is-accessor-descriptor-1.0.0.tgz#169c2f6d3df1f992618072365c9b0ea1f6878656"
    integrity sha1-FpwvbT3x+ZJhgHI2XJsOofaHhlY=
    dependencies:
      kind-of "^6.0.0"
  
  is-binary-path@^1.0.0:
    version "1.0.1"
    resolved "http://registry.npm.baidu-int.com/is-binary-path/-/is-binary-path-1.0.1.tgz#75f16642b480f187a711c814161fd3a4a7655898"
    integrity sha1-dfFmQrSA8YenEcgUFh/TpKdlWJg=
    dependencies:
      binary-extensions "^1.0.0"
  
  is-buffer@^1.1.5:
    version "1.1.6"
    resolved "http://registry.npm.baidu-int.com/is-buffer/-/is-buffer-1.1.6.tgz#efaa2ea9daa0d7ab2ea13a97b2b8ad51fefbe8be"
    integrity sha1-76ouqdqg16suoTqXsritUf776L4=
  
  is-data-descriptor@^0.1.4:
    version "0.1.4"
    resolved "http://registry.npm.baidu-int.com/is-data-descriptor/-/is-data-descriptor-0.1.4.tgz#0b5ee648388e2c860282e793f1856fec3f301b56"
    integrity sha1-C17mSDiOLIYCgueT8YVv7D8wG1Y=
    dependencies:
      kind-of "^3.0.2"
  
  is-data-descriptor@^1.0.0:
    version "1.0.0"
    resolved "http://registry.npm.baidu-int.com/is-data-descriptor/-/is-data-descriptor-1.0.0.tgz#d84876321d0e7add03990406abbbbd36ba9268c7"
    integrity sha1-2Eh2Mh0Oet0DmQQGq7u9NrqSaMc=
    dependencies:
      kind-of "^6.0.0"
  
  is-descriptor@^0.1.0:
    version "0.1.6"
    resolved "http://registry.npm.baidu-int.com/is-descriptor/-/is-descriptor-0.1.6.tgz#366d8240dde487ca51823b1ab9f07a10a78251ca"
    integrity sha1-Nm2CQN3kh8pRgjsaufB6EKeCUco=
    dependencies:
      is-accessor-descriptor "^0.1.6"
      is-data-descriptor "^0.1.4"
      kind-of "^5.0.0"
  
  is-descriptor@^1.0.0, is-descriptor@^1.0.2:
    version "1.0.2"
    resolved "http://registry.npm.baidu-int.com/is-descriptor/-/is-descriptor-1.0.2.tgz#3b159746a66604b04f8c81524ba365c5f14d86ec"
    integrity sha1-OxWXRqZmBLBPjIFSS6NlxfFNhuw=
    dependencies:
      is-accessor-descriptor "^1.0.0"
      is-data-descriptor "^1.0.0"
      kind-of "^6.0.2"
  
  is-extendable@^0.1.0, is-extendable@^0.1.1:
    version "0.1.1"
    resolved "http://registry.npm.baidu-int.com/is-extendable/-/is-extendable-0.1.1.tgz#62b110e289a471418e3ec36a617d472e301dfc89"
    integrity sha1-YrEQ4omkcUGOPsNqYX1HLjAd/Ik=
  
  is-extendable@^1.0.1:
    version "1.0.1"
    resolved "http://registry.npm.baidu-int.com/is-extendable/-/is-extendable-1.0.1.tgz#a7470f9e426733d81bd81e1155264e3a3507cab4"
    integrity sha1-p0cPnkJnM9gb2B4RVSZOOjUHyrQ=
    dependencies:
      is-plain-object "^2.0.4"
  
  is-extglob@^2.1.0, is-extglob@^2.1.1:
    version "2.1.1"
    resolved "http://registry.npm.baidu-int.com/is-extglob/-/is-extglob-2.1.1.tgz#a88c02535791f02ed37c76a1b9ea9773c833f8c2"
    integrity sha1-qIwCU1eR8C7TfHahueqXc8gz+MI=
  
  is-fullwidth-code-point@^1.0.0:
    version "1.0.0"
    resolved "http://registry.npm.baidu-int.com/is-fullwidth-code-point/-/is-fullwidth-code-point-1.0.0.tgz#ef9e31386f031a7f0d643af82fde50c457ef00cb"
    integrity sha1-754xOG8DGn8NZDr4L95QxFfvAMs=
    dependencies:
      number-is-nan "^1.0.0"
  
  is-fullwidth-code-point@^2.0.0:
    version "2.0.0"
    resolved "http://registry.npm.baidu-int.com/is-fullwidth-code-point/-/is-fullwidth-code-point-2.0.0.tgz#a3b30a5c4f199183167aaab93beefae3ddfb654f"
    integrity sha1-o7MKXE8ZkYMWeqq5O+764937ZU8=
  
  is-glob@^3.1.0:
    version "3.1.0"
    resolved "http://registry.npm.baidu-int.com/is-glob/-/is-glob-3.1.0.tgz#7ba5ae24217804ac70707b96922567486cc3e84a"
    integrity sha1-e6WuJCF4BKxwcHuWkiVnSGzD6Eo=
    dependencies:
      is-extglob "^2.1.0"
  
  is-glob@^4.0.0:
    version "4.0.1"
    resolved "http://registry.npm.baidu-int.com/is-glob/-/is-glob-4.0.1.tgz#7567dbe9f2f5e2467bc77ab83c4a29482407a5dc"
    integrity sha1-dWfb6fL14kZ7x3q4PEopSCQHpdw=
    dependencies:
      is-extglob "^2.1.1"
  
  is-number@^3.0.0:
    version "3.0.0"
    resolved "http://registry.npm.baidu-int.com/is-number/-/is-number-3.0.0.tgz#24fd6201a4782cf50561c810276afc7d12d71195"
    integrity sha1-JP1iAaR4LPUFYcgQJ2r8fRLXEZU=
    dependencies:
      kind-of "^3.0.2"
  
  is-plain-object@^2.0.3, is-plain-object@^2.0.4:
    version "2.0.4"
    resolved "http://registry.npm.baidu-int.com/is-plain-object/-/is-plain-object-2.0.4.tgz#2c163b3fafb1b606d9d17928f05c2a1c38e07677"
    integrity sha1-LBY7P6+xtgbZ0Xko8FwqHDjgdnc=
    dependencies:
      isobject "^3.0.1"
  
  is-windows@^1.0.2:
    version "1.0.2"
    resolved "http://registry.npm.baidu-int.com/is-windows/-/is-windows-1.0.2.tgz#d1850eb9791ecd18e6182ce12a30f396634bb19d"
    integrity sha1-0YUOuXkezRjmGCzhKjDzlmNLsZ0=
  
  isarray@1.0.0, isarray@~1.0.0:
    version "1.0.0"
    resolved "http://registry.npm.baidu-int.com/isarray/-/isarray-1.0.0.tgz#bb935d48582cba168c06834957a54a3e07124f11"
    integrity sha1-u5NdSFgsuhaMBoNJV6VKPgcSTxE=
  
  isobject@^2.0.0:
    version "2.1.0"
    resolved "http://registry.npm.baidu-int.com/isobject/-/isobject-2.1.0.tgz#f065561096a3f1da2ef46272f815c840d87e0c89"
    integrity sha1-8GVWEJaj8dou9GJy+BXIQNh+DIk=
    dependencies:
      isarray "1.0.0"
  
  isobject@^3.0.0, isobject@^3.0.1:
    version "3.0.1"
    resolved "http://registry.npm.baidu-int.com/isobject/-/isobject-3.0.1.tgz#4e431e92b11a9731636aa1f9c8d1ccbcfdab78df"
    integrity sha1-TkMekrEalzFjaqH5yNHMvP2reN8=
  
  js-levenshtein@^1.1.3:
    version "1.1.6"
    resolved "http://registry.npm.baidu-int.com/js-levenshtein/-/js-levenshtein-1.1.6.tgz#c6cee58eb3550372df8deb85fad5ce66ce01d59d"
    integrity sha1-xs7ljrNVA3LfjeuF+tXOZs4B1Z0=
  
  "js-tokens@^3.0.0 || ^4.0.0", js-tokens@^4.0.0:
    version "4.0.0"
    resolved "http://registry.npm.baidu-int.com/js-tokens/-/js-tokens-4.0.0.tgz#19203fb59991df98e3a287050d4647cdeaf32499"
    integrity sha1-GSA/tZmR35jjoocFDUZHzerzJJk=
  
  jsesc@^2.5.1:
    version "2.5.2"
    resolved "http://registry.npm.baidu-int.com/jsesc/-/jsesc-2.5.2.tgz#80564d2e483dacf6e8ef209650a67df3f0c283a4"
    integrity sha1-gFZNLkg9rPbo7yCWUKZ98/DCg6Q=
  
  jsesc@~0.5.0:
    version "0.5.0"
    resolved "http://registry.npm.baidu-int.com/jsesc/-/jsesc-0.5.0.tgz#e7dee66e35d6fc16f710fe91d5cf69f70f08911d"
    integrity sha1-597mbjXW/Bb3EP6R1c9p9w8IkR0=
  
  json5@^2.1.0:
    version "2.1.1"
    resolved "http://registry.npm.baidu-int.com/json5/-/json5-2.1.1.tgz#81b6cb04e9ba496f1c7005d07b4368a2638f90b6"
    integrity sha512-l+3HXD0GEI3huGq1njuqtzYK8OYJyXMkOLtQ53pjWh89tvWS2h6l+1zMkYWqlb57+SiQodKZyvMEFb2X+KrFhQ==
    dependencies:
      minimist "^1.2.0"
  
  kind-of@^3.0.2, kind-of@^3.0.3, kind-of@^3.2.0:
    version "3.2.2"
    resolved "http://registry.npm.baidu-int.com/kind-of/-/kind-of-3.2.2.tgz#31ea21a734bab9bbb0f32466d893aea51e4a3c64"
    integrity sha1-MeohpzS6ubuw8yRm2JOupR5KPGQ=
    dependencies:
      is-buffer "^1.1.5"
  
  kind-of@^4.0.0:
    version "4.0.0"
    resolved "http://registry.npm.baidu-int.com/kind-of/-/kind-of-4.0.0.tgz#20813df3d712928b207378691a45066fae72dd57"
    integrity sha1-IIE989cSkosgc3hpGkUGb65y3Vc=
    dependencies:
      is-buffer "^1.1.5"
  
  kind-of@^5.0.0:
    version "5.1.0"
    resolved "http://registry.npm.baidu-int.com/kind-of/-/kind-of-5.1.0.tgz#729c91e2d857b7a419a1f9aa65685c4c33f5845d"
    integrity sha1-cpyR4thXt6QZofmqZWhcTDP1hF0=
  
  kind-of@^6.0.0, kind-of@^6.0.2:
    version "6.0.2"
    resolved "http://registry.npm.baidu-int.com/kind-of/-/kind-of-6.0.2.tgz#01146b36a6218e64e58f3a8d66de5d7fc6f6d051"
    integrity sha1-ARRrNqYhjmTljzqNZt5df8b20FE=
  
  lodash@^4.17.13:
    version "4.17.15"
    resolved "http://registry.npm.baidu-int.com/lodash/-/lodash-4.17.15.tgz#b447f6670a0455bbfeedd11392eff330ea097548"
    integrity sha512-8xOcRHvCjnocdS5cpwXQXVzmmh5e5+saE2QGoeQmbKmRS6J3VQppPOIt0MnmE+4xlZoumy0GPG0D0MVIQbNA1A==
  
  loose-envify@^1.0.0:
    version "1.4.0"
    resolved "http://registry.npm.baidu-int.com/loose-envify/-/loose-envify-1.4.0.tgz#71ee51fa7be4caec1a63839f7e682d8132d30caf"
    integrity sha512-lyuxPGr/Wfhrlem2CL/UcnUc1zcqKAImBDzukY7Y5F/yQiNdko6+fRLevlw1HgMySw7f611UIY408EtxRSoK3Q==
    dependencies:
      js-tokens "^3.0.0 || ^4.0.0"
  
  make-dir@^2.1.0:
    version "2.1.0"
    resolved "http://registry.npm.baidu-int.com/make-dir/-/make-dir-2.1.0.tgz#5f0310e18b8be898cc07009295a30ae41e91e6f5"
    integrity sha1-XwMQ4YuL6JjMBwCSlaMK5B6R5vU=
    dependencies:
      pify "^4.0.1"
      semver "^5.6.0"
  
  map-cache@^0.2.2:
    version "0.2.2"
    resolved "http://registry.npm.baidu-int.com/map-cache/-/map-cache-0.2.2.tgz#c32abd0bd6525d9b051645bb4f26ac5dc98a0dbf"
    integrity sha1-wyq9C9ZSXZsFFkW7TyasXcmKDb8=
  
  map-visit@^1.0.0:
    version "1.0.0"
    resolved "http://registry.npm.baidu-int.com/map-visit/-/map-visit-1.0.0.tgz#ecdca8f13144e660f1b5bd41f12f3479d98dfb8f"
    integrity sha1-7Nyo8TFE5mDxtb1B8S80edmN+48=
    dependencies:
      object-visit "^1.0.0"
  
  micromatch@^3.1.10, micromatch@^3.1.4:
    version "3.1.10"
    resolved "http://registry.npm.baidu-int.com/micromatch/-/micromatch-3.1.10.tgz#70859bc95c9840952f359a068a3fc49f9ecfac23"
    integrity sha1-cIWbyVyYQJUvNZoGij/En57PrCM=
    dependencies:
      arr-diff "^4.0.0"
      array-unique "^0.3.2"
      braces "^2.3.1"
      define-property "^2.0.2"
      extend-shallow "^3.0.2"
      extglob "^2.0.4"
      fragment-cache "^0.2.1"
      kind-of "^6.0.2"
      nanomatch "^1.2.9"
      object.pick "^1.3.0"
      regex-not "^1.0.0"
      snapdragon "^0.8.1"
      to-regex "^3.0.2"
  
  minimatch@^3.0.4:
    version "3.0.4"
    resolved "http://registry.npm.baidu-int.com/minimatch/-/minimatch-3.0.4.tgz#5166e286457f03306064be5497e8dbb0c3d32083"
    integrity sha1-UWbihkV/AzBgZL5Ul+jbsMPTIIM=
    dependencies:
      brace-expansion "^1.1.7"
  
  minimist@0.0.8:
    version "0.0.8"
    resolved "http://registry.npm.baidu-int.com/minimist/-/minimist-0.0.8.tgz#857fcabfc3397d2625b8228262e86aa7a011b05d"
    integrity sha1-hX/Kv8M5fSYluCKCYuhqp6ARsF0=
  
  minimist@^1.2.0:
    version "1.2.0"
    resolved "http://registry.npm.baidu-int.com/minimist/-/minimist-1.2.0.tgz#a35008b20f41383eec1fb914f4cd5df79a264284"
    integrity sha1-o1AIsg9BOD7sH7kU9M1d95omQoQ=
  
  minipass@^2.6.0, minipass@^2.8.6, minipass@^2.9.0:
    version "2.9.0"
    resolved "http://registry.npm.baidu-int.com/minipass/-/minipass-2.9.0.tgz#e713762e7d3e32fed803115cf93e04bca9fcc9a6"
    integrity sha512-wxfUjg9WebH+CUDX/CdbRlh5SmfZiy/hpkxaRI16Y9W56Pa75sWgd/rvFilSgrauD9NyFymP/+JFV3KwzIsJeg==
    dependencies:
      safe-buffer "^5.1.2"
      yallist "^3.0.0"
  
  minizlib@^1.2.1:
    version "1.3.3"
    resolved "http://registry.npm.baidu-int.com/minizlib/-/minizlib-1.3.3.tgz#2290de96818a34c29551c8a8d301216bd65a861d"
    integrity sha512-6ZYMOEnmVsdCeTJVE0W9ZD+pVnE8h9Hma/iOwwRDsdQoePpoX56/8B6z3P9VNwppJuBKNRuFDRNRqRWexT9G9Q==
    dependencies:
      minipass "^2.9.0"
  
  mixin-deep@^1.2.0:
    version "1.3.2"
    resolved "http://registry.npm.baidu-int.com/mixin-deep/-/mixin-deep-1.3.2.tgz#1120b43dc359a785dce65b55b82e257ccf479566"
    integrity sha512-WRoDn//mXBiJ1H40rqa3vH0toePwSsGb45iInWlTySa+Uu4k3tYUSxa2v1KqAiLtvlrSzaExqS1gtk96A9zvEA==
    dependencies:
      for-in "^1.0.2"
      is-extendable "^1.0.1"
  
  mkdirp@^0.5.0, mkdirp@^0.5.1:
    version "0.5.1"
    resolved "http://registry.npm.baidu-int.com/mkdirp/-/mkdirp-0.5.1.tgz#30057438eac6cf7f8c4767f38648d6697d75c903"
    integrity sha1-MAV0OOrGz3+MR2fzhkjWaX11yQM=
    dependencies:
      minimist "0.0.8"
  
  ms@2.0.0:
    version "2.0.0"
    resolved "http://registry.npm.baidu-int.com/ms/-/ms-2.0.0.tgz#5608aeadfc00be6c2901df5f9861788de0d597c8"
    integrity sha1-VgiurfwAvmwpAd9fmGF4jeDVl8g=
  
  ms@^2.1.1:
    version "2.1.2"
    resolved "http://registry.npm.baidu-int.com/ms/-/ms-2.1.2.tgz#d09d1f357b443f493382a8eb3ccd183872ae6009"
    integrity sha512-sGkPx+VjMtmA6MX27oA4FBFELFCZZ4S4XqeGOXCv68tT+jb3vk/RyaKWP0PTKyWtmLSM0b+adUTEvbs1PEaH2w==
  
  nan@^2.12.1:
    version "2.14.0"
    resolved "http://registry.npm.baidu-int.com/nan/-/nan-2.14.0.tgz#7818f722027b2459a86f0295d434d1fc2336c52c"
    integrity sha1-eBj3IgJ7JFmobwKV1DTR/CM2xSw=
  
  nanomatch@^1.2.9:
    version "1.2.13"
    resolved "http://registry.npm.baidu-int.com/nanomatch/-/nanomatch-1.2.13.tgz#b87a8aa4fc0de8fe6be88895b38983ff265bd119"
    integrity sha512-fpoe2T0RbHwBTBUOftAfBPaDEi06ufaUai0mE6Yn1kacc3SnTErfb/h+X94VXzI64rKFHYImXSvdwGGCmwOqCA==
    dependencies:
      arr-diff "^4.0.0"
      array-unique "^0.3.2"
      define-property "^2.0.2"
      extend-shallow "^3.0.2"
      fragment-cache "^0.2.1"
      is-windows "^1.0.2"
      kind-of "^6.0.2"
      object.pick "^1.3.0"
      regex-not "^1.0.0"
      snapdragon "^0.8.1"
      to-regex "^3.0.1"
  
  needle@^2.2.1:
    version "2.4.0"
    resolved "http://registry.npm.baidu-int.com/needle/-/needle-2.4.0.tgz#6833e74975c444642590e15a750288c5f939b57c"
    integrity sha1-aDPnSXXERGQlkOFadQKIxfk5tXw=
    dependencies:
      debug "^3.2.6"
      iconv-lite "^0.4.4"
      sax "^1.2.4"
  
  node-pre-gyp@^0.12.0:
    version "0.12.0"
    resolved "http://registry.npm.baidu-int.com/node-pre-gyp/-/node-pre-gyp-0.12.0.tgz#39ba4bb1439da030295f899e3b520b7785766149"
    integrity sha1-ObpLsUOdoDApX4meO1ILd4V2YUk=
    dependencies:
      detect-libc "^1.0.2"
      mkdirp "^0.5.1"
      needle "^2.2.1"
      nopt "^4.0.1"
      npm-packlist "^1.1.6"
      npmlog "^4.0.2"
      rc "^1.2.7"
      rimraf "^2.6.1"
      semver "^5.3.0"
      tar "^4"
  
  node-releases@^1.1.42:
    version "1.1.42"
    resolved "http://registry.npm.baidu-int.com/node-releases/-/node-releases-1.1.42.tgz#a999f6a62f8746981f6da90627a8d2fc090bbad7"
    integrity sha1-qZn2pi+HRpgfbakGJ6jS/AkLutc=
    dependencies:
      semver "^6.3.0"
  
  nopt@^4.0.1:
    version "4.0.1"
    resolved "http://registry.npm.baidu-int.com/nopt/-/nopt-4.0.1.tgz#d0d4685afd5415193c8c7505602d0d17cd64474d"
    integrity sha1-0NRoWv1UFRk8jHUFYC0NF81kR00=
    dependencies:
      abbrev "1"
      osenv "^0.1.4"
  
  normalize-path@^2.1.1:
    version "2.1.1"
    resolved "http://registry.npm.baidu-int.com/normalize-path/-/normalize-path-2.1.1.tgz#1ab28b556e198363a8c1a6f7e6fa20137fe6aed9"
    integrity sha1-GrKLVW4Zg2Oowab35vogE3/mrtk=
    dependencies:
      remove-trailing-separator "^1.0.1"
  
  normalize-path@^3.0.0:
    version "3.0.0"
    resolved "http://registry.npm.baidu-int.com/normalize-path/-/normalize-path-3.0.0.tgz#0dcd69ff23a1c9b11fd0978316644a0388216a65"
    integrity sha512-6eZs5Ls3WtCisHWp9S2GUy8dqkpGi4BVSz3GaqiE6ezub0512ESztXUwUB6C6IKbQkY2Pnb/mD4WYojCRwcwLA==
  
  npm-bundled@^1.0.1:
    version "1.0.6"
    resolved "http://registry.npm.baidu-int.com/npm-bundled/-/npm-bundled-1.0.6.tgz#e7ba9aadcef962bb61248f91721cd932b3fe6bdd"
    integrity sha1-57qarc75YrthJI+RchzZMrP+a90=
  
  npm-packlist@^1.1.6:
    version "1.4.6"
    resolved "http://registry.npm.baidu-int.com/npm-packlist/-/npm-packlist-1.4.6.tgz#53ba3ed11f8523079f1457376dd379ee4ea42ff4"
    integrity sha512-u65uQdb+qwtGvEJh/DgQgW1Xg7sqeNbmxYyrvlNznaVTjV3E5P6F/EFjM+BVHXl7JJlsdG8A64M0XI8FI/IOlg==
    dependencies:
      ignore-walk "^3.0.1"
      npm-bundled "^1.0.1"
  
  npmlog@^4.0.2:
    version "4.1.2"
    resolved "http://registry.npm.baidu-int.com/npmlog/-/npmlog-4.1.2.tgz#08a7f2a8bf734604779a9efa4ad5cc717abb954b"
    integrity sha1-CKfyqL9zRgR3mp76StXMcXq7lUs=
    dependencies:
      are-we-there-yet "~1.1.2"
      console-control-strings "~1.1.0"
      gauge "~2.7.3"
      set-blocking "~2.0.0"
  
  number-is-nan@^1.0.0:
    version "1.0.1"
    resolved "http://registry.npm.baidu-int.com/number-is-nan/-/number-is-nan-1.0.1.tgz#097b602b53422a522c1afb8790318336941a011d"
    integrity sha1-CXtgK1NCKlIsGvuHkDGDNpQaAR0=
  
  object-assign@^4.1.0:
    version "4.1.1"
    resolved "http://registry.npm.baidu-int.com/object-assign/-/object-assign-4.1.1.tgz#2109adc7965887cfc05cbbd442cac8bfbb360863"
    integrity sha1-IQmtx5ZYh8/AXLvUQsrIv7s2CGM=
  
  object-copy@^0.1.0:
    version "0.1.0"
    resolved "http://registry.npm.baidu-int.com/object-copy/-/object-copy-0.1.0.tgz#7e7d858b781bd7c991a41ba975ed3812754e998c"
    integrity sha1-fn2Fi3gb18mRpBupde04EnVOmYw=
    dependencies:
      copy-descriptor "^0.1.0"
      define-property "^0.2.5"
      kind-of "^3.0.3"
  
  object-keys@^1.0.11, object-keys@^1.0.12:
    version "1.1.1"
    resolved "http://registry.npm.baidu-int.com/object-keys/-/object-keys-1.1.1.tgz#1c47f272df277f3b1daf061677d9c82e2322c60e"
    integrity sha1-HEfyct8nfzsdrwYWd9nILiMixg4=
  
  object-visit@^1.0.0:
    version "1.0.1"
    resolved "http://registry.npm.baidu-int.com/object-visit/-/object-visit-1.0.1.tgz#f79c4493af0c5377b59fe39d395e41042dd045bb"
    integrity sha1-95xEk68MU3e1n+OdOV5BBC3QRbs=
    dependencies:
      isobject "^3.0.0"
  
  object.assign@^4.1.0:
    version "4.1.0"
    resolved "http://registry.npm.baidu-int.com/object.assign/-/object.assign-4.1.0.tgz#968bf1100d7956bb3ca086f006f846b3bc4008da"
    integrity sha1-lovxEA15Vrs8oIbwBvhGs7xACNo=
    dependencies:
      define-properties "^1.1.2"
      function-bind "^1.1.1"
      has-symbols "^1.0.0"
      object-keys "^1.0.11"
  
  object.pick@^1.3.0:
    version "1.3.0"
    resolved "http://registry.npm.baidu-int.com/object.pick/-/object.pick-1.3.0.tgz#87a10ac4c1694bd2e1cbf53591a66141fb5dd747"
    integrity sha1-h6EKxMFpS9Lhy/U1kaZhQftd10c=
    dependencies:
      isobject "^3.0.1"
  
  once@^1.3.0:
    version "1.4.0"
    resolved "http://registry.npm.baidu-int.com/once/-/once-1.4.0.tgz#583b1aa775961d4b113ac17d9c50baef9dd76bd1"
    integrity sha1-WDsap3WWHUsROsF9nFC6753Xa9E=
    dependencies:
      wrappy "1"
  
  os-homedir@^1.0.0:
    version "1.0.2"
    resolved "http://registry.npm.baidu-int.com/os-homedir/-/os-homedir-1.0.2.tgz#ffbc4988336e0e833de0c168c7ef152121aa7fb3"
    integrity sha1-/7xJiDNuDoM94MFox+8VISGqf7M=
  
  os-tmpdir@^1.0.0:
    version "1.0.2"
    resolved "http://registry.npm.baidu-int.com/os-tmpdir/-/os-tmpdir-1.0.2.tgz#bbe67406c79aa85c5cfec766fe5734555dfa1274"
    integrity sha1-u+Z0BseaqFxc/sdm/lc0VV36EnQ=
  
  osenv@^0.1.4:
    version "0.1.5"
    resolved "http://registry.npm.baidu-int.com/osenv/-/osenv-0.1.5.tgz#85cdfafaeb28e8677f416e287592b5f3f49ea410"
    integrity sha1-hc36+uso6Gd/QW4odZK18/SepBA=
    dependencies:
      os-homedir "^1.0.0"
      os-tmpdir "^1.0.0"
  
  pascalcase@^0.1.1:
    version "0.1.1"
    resolved "http://registry.npm.baidu-int.com/pascalcase/-/pascalcase-0.1.1.tgz#b363e55e8006ca6fe21784d2db22bd15d7917f14"
    integrity sha1-s2PlXoAGym/iF4TS2yK9FdeRfxQ=
  
  path-dirname@^1.0.0:
    version "1.0.2"
    resolved "http://registry.npm.baidu-int.com/path-dirname/-/path-dirname-1.0.2.tgz#cc33d24d525e099a5388c0336c6e32b9160609e0"
    integrity sha1-zDPSTVJeCZpTiMAzbG4yuRYGCeA=
  
  path-is-absolute@^1.0.0:
    version "1.0.1"
    resolved "http://registry.npm.baidu-int.com/path-is-absolute/-/path-is-absolute-1.0.1.tgz#174b9268735534ffbc7ace6bf53a5a9e1b5c5f5f"
    integrity sha1-F0uSaHNVNP+8es5r9TpanhtcX18=
  
  path-parse@^1.0.6:
    version "1.0.6"
    resolved "http://registry.npm.baidu-int.com/path-parse/-/path-parse-1.0.6.tgz#d62dbb5679405d72c4737ec58600e9ddcf06d24c"
    integrity sha512-GSmOT2EbHrINBf9SR7CDELwlJ8AENk3Qn7OikK4nFYAu3Ote2+JYNVvkpAEQm3/TLNEJFD/xZJjzyxg3KBWOzw==
  
  pify@^4.0.1:
    version "4.0.1"
    resolved "http://registry.npm.baidu-int.com/pify/-/pify-4.0.1.tgz#4b2cd25c50d598735c50292224fd8c6df41e3231"
    integrity sha512-uB80kBFb/tfd68bVleG9T5GGsGPjJrLAUpR5PZIrhBnIaRTQRjqdJSsIKkOP6OAIFbj7GOrcudc5pNjZ+geV2g==
  
  posix-character-classes@^0.1.0:
    version "0.1.1"
    resolved "http://registry.npm.baidu-int.com/posix-character-classes/-/posix-character-classes-0.1.1.tgz#01eac0fe3b5af71a2a6c02feabb8c1fef7e00eab"
    integrity sha1-AerA/jta9xoqbAL+q7jB/vfgDqs=
  
  private@^0.1.6:
    version "0.1.8"
    resolved "http://registry.npm.baidu-int.com/private/-/private-0.1.8.tgz#2381edb3689f7a53d653190060fcf822d2f368ff"
    integrity sha1-I4Hts2ifelPWUxkAYPz4ItLzaP8=
  
  process-nextick-args@~2.0.0:
    version "2.0.1"
    resolved "http://registry.npm.baidu-int.com/process-nextick-args/-/process-nextick-args-2.0.1.tgz#7820d9b16120cc55ca9ae7792680ae7dba6d7fe2"
    integrity sha512-3ouUOpQhtgrbOa17J7+uxOTpITYWaGP7/AhoR3+A+/1e9skrzelGi/dXzEYyvbxubEF6Wn2ypscTKiKJFFn1ag==
  
  rc@^1.2.7:
    version "1.2.8"
    resolved "http://registry.npm.baidu-int.com/rc/-/rc-1.2.8.tgz#cd924bf5200a075b83c188cd6b9e211b7fc0d3ed"
    integrity sha512-y3bGgqKj3QBdxLbLkomlohkvsA8gdAiUQlSBJnBhfn+BPxg4bc62d8TcBW15wavDfgexCgccckhcZvywyQYPOw==
    dependencies:
      deep-extend "^0.6.0"
      ini "~1.3.0"
      minimist "^1.2.0"
      strip-json-comments "~2.0.1"
  
  readable-stream@^2.0.2, readable-stream@^2.0.6:
    version "2.3.6"
    resolved "http://registry.npm.baidu-int.com/readable-stream/-/readable-stream-2.3.6.tgz#b11c27d88b8ff1fbe070643cf94b0c79ae1b0aaf"
    integrity sha512-tQtKA9WIAhBF3+VLAseyMqZeBjW0AHJoxOtYqSUZNJxauErmLbVm2FW1y+J/YA9dUrAC39ITejlZWhVIwawkKw==
    dependencies:
      core-util-is "~1.0.0"
      inherits "~2.0.3"
      isarray "~1.0.0"
      process-nextick-args "~2.0.0"
      safe-buffer "~5.1.1"
      string_decoder "~1.1.1"
      util-deprecate "~1.0.1"
  
  readdirp@^2.2.1:
    version "2.2.1"
    resolved "http://registry.npm.baidu-int.com/readdirp/-/readdirp-2.2.1.tgz#0e87622a3325aa33e892285caf8b4e846529a525"
    integrity sha512-1JU/8q+VgFZyxwrJ+SVIOsh+KywWGpds3NTqikiKpDMZWScmAYyKIgqkO+ARvNWJfXeXR1zxz7aHF4u4CyH6vQ==
    dependencies:
      graceful-fs "^4.1.11"
      micromatch "^3.1.10"
      readable-stream "^2.0.2"
  
  regenerate-unicode-properties@^8.1.0:
    version "8.1.0"
    resolved "http://registry.npm.baidu-int.com/regenerate-unicode-properties/-/regenerate-unicode-properties-8.1.0.tgz#ef51e0f0ea4ad424b77bf7cb41f3e015c70a3f0e"
    integrity sha1-71Hg8OpK1CS3e/fLQfPgFccKPw4=
    dependencies:
      regenerate "^1.4.0"
  
  regenerate@^1.4.0:
    version "1.4.0"
    resolved "http://registry.npm.baidu-int.com/regenerate/-/regenerate-1.4.0.tgz#4a856ec4b56e4077c557589cae85e7a4c8869a11"
    integrity sha512-1G6jJVDWrt0rK99kBjvEtziZNCICAuvIPkSiUFIQxVP06RCVpq3dmDo2oi6ABpYaDYaTRr67BEhL8r1wgEZZKg==
  
  regenerator-transform@^0.14.0:
    version "0.14.1"
    resolved "http://registry.npm.baidu-int.com/regenerator-transform/-/regenerator-transform-0.14.1.tgz#3b2fce4e1ab7732c08f665dfdb314749c7ddd2fb"
    integrity sha512-flVuee02C3FKRISbxhXl9mGzdbWUVHubl1SMaknjxkFB1/iqpJhArQUvRxOOPEc/9tAiX0BaQ28FJH10E4isSQ==
    dependencies:
      private "^0.1.6"
  
  regex-not@^1.0.0, regex-not@^1.0.2:
    version "1.0.2"
    resolved "http://registry.npm.baidu-int.com/regex-not/-/regex-not-1.0.2.tgz#1f4ece27e00b0b65e0247a6810e6a85d83a5752c"
    integrity sha1-H07OJ+ALC2XgJHpoEOaoXYOldSw=
    dependencies:
      extend-shallow "^3.0.2"
      safe-regex "^1.1.0"
  
  regexpu-core@^4.6.0:
    version "4.6.0"
    resolved "http://registry.npm.baidu-int.com/regexpu-core/-/regexpu-core-4.6.0.tgz#2037c18b327cfce8a6fea2a4ec441f2432afb8b6"
    integrity sha512-YlVaefl8P5BnFYOITTNzDvan1ulLOiXJzCNZxduTIosN17b87h3bvG9yHMoHaRuo88H4mQ06Aodj5VtYGGGiTg==
    dependencies:
      regenerate "^1.4.0"
      regenerate-unicode-properties "^8.1.0"
      regjsgen "^0.5.0"
      regjsparser "^0.6.0"
      unicode-match-property-ecmascript "^1.0.4"
      unicode-match-property-value-ecmascript "^1.1.0"
  
  regjsgen@^0.5.0:
    version "0.5.1"
    resolved "http://registry.npm.baidu-int.com/regjsgen/-/regjsgen-0.5.1.tgz#48f0bf1a5ea205196929c0d9798b42d1ed98443c"
    integrity sha512-5qxzGZjDs9w4tzT3TPhCJqWdCc3RLYwy9J2NB0nm5Lz+S273lvWcpjaTGHsT1dc6Hhfq41uSEOw8wBmxrKOuyg==
  
  regjsparser@^0.6.0:
    version "0.6.0"
    resolved "http://registry.npm.baidu-int.com/regjsparser/-/regjsparser-0.6.0.tgz#f1e6ae8b7da2bae96c99399b868cd6c933a2ba9c"
    integrity sha1-8eaui32iuulsmTmbhozWyTOiupw=
    dependencies:
      jsesc "~0.5.0"
  
  remove-trailing-separator@^1.0.1:
    version "1.1.0"
    resolved "http://registry.npm.baidu-int.com/remove-trailing-separator/-/remove-trailing-separator-1.1.0.tgz#c24bce2a283adad5bc3f58e0d48249b92379d8ef"
    integrity sha1-wkvOKig62tW8P1jg1IJJuSN52O8=
  
  repeat-element@^1.1.2:
    version "1.1.3"
    resolved "http://registry.npm.baidu-int.com/repeat-element/-/repeat-element-1.1.3.tgz#782e0d825c0c5a3bb39731f84efee6b742e6b1ce"
    integrity sha512-ahGq0ZnV5m5XtZLMb+vP76kcAM5nkLqk0lpqAuojSKGgQtn4eRi4ZZGm2olo2zKFH+sMsWaqOCW1dqAnOru72g==
  
  repeat-string@^1.6.1:
    version "1.6.1"
    resolved "http://registry.npm.baidu-int.com/repeat-string/-/repeat-string-1.6.1.tgz#8dcae470e1c88abc2d600fff4a776286da75e637"
    integrity sha1-jcrkcOHIirwtYA//Sndihtp15jc=
  
  resolve-url@^0.2.1:
    version "0.2.1"
    resolved "http://registry.npm.baidu-int.com/resolve-url/-/resolve-url-0.2.1.tgz#2c637fe77c893afd2a663fe21aa9080068e2052a"
    integrity sha1-LGN/53yJOv0qZj/iGqkIAGjiBSo=
  
  resolve@^1.3.2:
    version "1.13.1"
    resolved "http://registry.npm.baidu-int.com/resolve/-/resolve-1.13.1.tgz#be0aa4c06acd53083505abb35f4d66932ab35d16"
    integrity sha1-vgqkwGrNUwg1BauzX01mkyqzXRY=
    dependencies:
      path-parse "^1.0.6"
  
  ret@~0.1.10:
    version "0.1.15"
    resolved "http://registry.npm.baidu-int.com/ret/-/ret-0.1.15.tgz#b8a4825d5bdb1fc3f6f53c2bc33f81388681c7bc"
    integrity sha1-uKSCXVvbH8P29Twrwz+BOIaBx7w=
  
  rimraf@^2.6.1:
    version "2.7.1"
    resolved "http://registry.npm.baidu-int.com/rimraf/-/rimraf-2.7.1.tgz#35797f13a7fdadc566142c29d4f07ccad483e3ec"
    integrity sha512-uWjbaKIK3T1OSVptzX7Nl6PvQ3qAGtKEtVRjRuazjfL3Bx5eI409VZSqgND+4UNnmzLVdPj9FqFJNPqBZFve4w==
    dependencies:
      glob "^7.1.3"
  
  safe-buffer@^5.1.2:
    version "5.2.0"
    resolved "http://registry.npm.baidu-int.com/safe-buffer/-/safe-buffer-5.2.0.tgz#b74daec49b1148f88c64b68d49b1e815c1f2f519"
    integrity sha512-fZEwUGbVl7kouZs1jCdMLdt95hdIv0ZeHg6L7qPeciMZhZ+/gdesW4wgTARkrFWEpspjEATAzUGPG8N2jJiwbg==
  
  safe-buffer@~5.1.0, safe-buffer@~5.1.1:
    version "5.1.2"
    resolved "http://registry.npm.baidu-int.com/safe-buffer/-/safe-buffer-5.1.2.tgz#991ec69d296e0313747d59bdfd2b745c35f8828d"
    integrity sha512-Gd2UZBJDkXlY7GbJxfsE8/nvKkUEU1G38c1siN6QP6a9PT9MmHB8GnpscSmMJSoF8LOIrt8ud/wPtojys4G6+g==
  
  safe-regex@^1.1.0:
    version "1.1.0"
    resolved "http://registry.npm.baidu-int.com/safe-regex/-/safe-regex-1.1.0.tgz#40a3669f3b077d1e943d44629e157dd48023bf2e"
    integrity sha1-QKNmnzsHfR6UPURinhV91IAjvy4=
    dependencies:
      ret "~0.1.10"
  
  "safer-buffer@>= 2.1.2 < 3":
    version "2.1.2"
    resolved "http://registry.npm.baidu-int.com/safer-buffer/-/safer-buffer-2.1.2.tgz#44fa161b0187b9549dd84bb91802f9bd8385cd6a"
    integrity sha512-YZo3K82SD7Riyi0E1EQPojLz7kpepnSQI9IyPbHHg1XXXevb5dJI7tpyN2ADxGcQbHG7vcyRHk0cbwqcQriUtg==
  
  sax@^1.2.4:
    version "1.2.4"
    resolved "http://registry.npm.baidu-int.com/sax/-/sax-1.2.4.tgz#2816234e2378bddc4e5354fab5caa895df7100d9"
    integrity sha1-KBYjTiN4vdxOU1T6tcqold9xANk=
  
  semver@^5.3.0, semver@^5.4.1, semver@^5.5.0, semver@^5.6.0:
    version "5.7.1"
    resolved "http://registry.npm.baidu-int.com/semver/-/semver-5.7.1.tgz#a954f931aeba508d307bbf069eff0c01c96116f7"
    integrity sha512-sauaDf/PZdVgrLTNYHRtpXa1iRiKcaebiKQ1BJdpQlWH2lCvexQdX55snPFyK7QzpudqbCI0qXFfOasHdyNDGQ==
  
  semver@^6.3.0:
    version "6.3.0"
    resolved "http://registry.npm.baidu-int.com/semver/-/semver-6.3.0.tgz#ee0a64c8af5e8ceea67687b133761e1becbd1d3d"
    integrity sha512-b39TBaTSfV6yBrapU89p5fKekE2m/NwnDocOVruQFS1/veMgdzuPcnOM34M6CwxW8jH/lxEa5rBoDeUwu5HHTw==
  
  set-blocking@~2.0.0:
    version "2.0.0"
    resolved "http://registry.npm.baidu-int.com/set-blocking/-/set-blocking-2.0.0.tgz#045f9782d011ae9a6803ddd382b24392b3d890f7"
    integrity sha1-BF+XgtARrppoA93TgrJDkrPYkPc=
  
  set-value@^2.0.0, set-value@^2.0.1:
    version "2.0.1"
    resolved "http://registry.npm.baidu-int.com/set-value/-/set-value-2.0.1.tgz#a18d40530e6f07de4228c7defe4227af8cad005b"
    integrity sha512-JxHc1weCN68wRY0fhCoXpyK55m/XPHafOmK4UWD7m2CI14GMcFypt4w/0+NV5f/ZMby2F6S2wwA7fgynh9gWSw==
    dependencies:
      extend-shallow "^2.0.1"
      is-extendable "^0.1.1"
      is-plain-object "^2.0.3"
      split-string "^3.0.1"
  
  signal-exit@^3.0.0:
    version "3.0.2"
    resolved "http://registry.npm.baidu-int.com/signal-exit/-/signal-exit-3.0.2.tgz#b5fdc08f1287ea1178628e415e25132b73646c6d"
    integrity sha1-tf3AjxKH6hF4Yo5BXiUTK3NkbG0=
  
  slash@^2.0.0:
    version "2.0.0"
    resolved "http://registry.npm.baidu-int.com/slash/-/slash-2.0.0.tgz#de552851a1759df3a8f206535442f5ec4ddeab44"
    integrity sha1-3lUoUaF1nfOo8gZTVEL17E3eq0Q=
  
  snapdragon-node@^2.0.1:
    version "2.1.1"
    resolved "http://registry.npm.baidu-int.com/snapdragon-node/-/snapdragon-node-2.1.1.tgz#6c175f86ff14bdb0724563e8f3c1b021a286853b"
    integrity sha1-bBdfhv8UvbByRWPo88GwIaKGhTs=
    dependencies:
      define-property "^1.0.0"
      isobject "^3.0.0"
      snapdragon-util "^3.0.1"
  
  snapdragon-util@^3.0.1:
    version "3.0.1"
    resolved "http://registry.npm.baidu-int.com/snapdragon-util/-/snapdragon-util-3.0.1.tgz#f956479486f2acd79700693f6f7b805e45ab56e2"
    integrity sha1-+VZHlIbyrNeXAGk/b3uAXkWrVuI=
    dependencies:
      kind-of "^3.2.0"
  
  snapdragon@^0.8.1:
    version "0.8.2"
    resolved "http://registry.npm.baidu-int.com/snapdragon/-/snapdragon-0.8.2.tgz#64922e7c565b0e14204ba1aa7d6964278d25182d"
    integrity sha1-ZJIufFZbDhQgS6GqfWlkJ40lGC0=
    dependencies:
      base "^0.11.1"
      debug "^2.2.0"
      define-property "^0.2.5"
      extend-shallow "^2.0.1"
      map-cache "^0.2.2"
      source-map "^0.5.6"
      source-map-resolve "^0.5.0"
      use "^3.1.0"
  
  source-map-resolve@^0.5.0:
    version "0.5.2"
    resolved "http://registry.npm.baidu-int.com/source-map-resolve/-/source-map-resolve-0.5.2.tgz#72e2cc34095543e43b2c62b2c4c10d4a9054f259"
    integrity sha512-MjqsvNwyz1s0k81Goz/9vRBe9SZdB09Bdw+/zYyO+3CuPk6fouTaxscHkgtE8jKvf01kVfl8riHzERQ/kefaSA==
    dependencies:
      atob "^2.1.1"
      decode-uri-component "^0.2.0"
      resolve-url "^0.2.1"
      source-map-url "^0.4.0"
      urix "^0.1.0"
  
  source-map-url@^0.4.0:
    version "0.4.0"
    resolved "http://registry.npm.baidu-int.com/source-map-url/-/source-map-url-0.4.0.tgz#3e935d7ddd73631b97659956d55128e87b5084a3"
    integrity sha1-PpNdfd1zYxuXZZlW1VEo6HtQhKM=
  
  source-map@^0.5.0, source-map@^0.5.6:
    version "0.5.7"
    resolved "http://registry.npm.baidu-int.com/source-map/-/source-map-0.5.7.tgz#8a039d2d1021d22d1ea14c80d8ea468ba2ef3fcc"
    integrity sha1-igOdLRAh0i0eoUyA2OpGi6LvP8w=
  
  split-string@^3.0.1, split-string@^3.0.2:
    version "3.1.0"
    resolved "http://registry.npm.baidu-int.com/split-string/-/split-string-3.1.0.tgz#7cb09dda3a86585705c64b39a6466038682e8fe2"
    integrity sha1-fLCd2jqGWFcFxks5pkZgOGguj+I=
    dependencies:
      extend-shallow "^3.0.0"
  
  static-extend@^0.1.1:
    version "0.1.2"
    resolved "http://registry.npm.baidu-int.com/static-extend/-/static-extend-0.1.2.tgz#60809c39cbff55337226fd5e0b520f341f1fb5c6"
    integrity sha1-YICcOcv/VTNyJv1eC1IPNB8ftcY=
    dependencies:
      define-property "^0.2.5"
      object-copy "^0.1.0"
  
  string-width@^1.0.1:
    version "1.0.2"
    resolved "http://registry.npm.baidu-int.com/string-width/-/string-width-1.0.2.tgz#118bdf5b8cdc51a2a7e70d211e07e2b0b9b107d3"
    integrity sha1-EYvfW4zcUaKn5w0hHgfisLmxB9M=
    dependencies:
      code-point-at "^1.0.0"
      is-fullwidth-code-point "^1.0.0"
      strip-ansi "^3.0.0"
  
  "string-width@^1.0.2 || 2":
    version "2.1.1"
    resolved "http://registry.npm.baidu-int.com/string-width/-/string-width-2.1.1.tgz#ab93f27a8dc13d28cac815c462143a6d9012ae9e"
    integrity sha1-q5Pyeo3BPSjKyBXEYhQ6bZASrp4=
    dependencies:
      is-fullwidth-code-point "^2.0.0"
      strip-ansi "^4.0.0"
  
  string_decoder@~1.1.1:
    version "1.1.1"
    resolved "http://registry.npm.baidu-int.com/string_decoder/-/string_decoder-1.1.1.tgz#9cf1611ba62685d7030ae9e4ba34149c3af03fc8"
    integrity sha512-n/ShnvDi6FHbbVfviro+WojiFzv+s8MPMHBczVePfUpDJLwoLT0ht1l4YwBCbi8pJAveEEdnkHyPyTP/mzRfwg==
    dependencies:
      safe-buffer "~5.1.0"
  
  strip-ansi@^3.0.0, strip-ansi@^3.0.1:
    version "3.0.1"
    resolved "http://registry.npm.baidu-int.com/strip-ansi/-/strip-ansi-3.0.1.tgz#6a385fb8853d952d5ff05d0e8aaf94278dc63dcf"
    integrity sha1-ajhfuIU9lS1f8F0Oiq+UJ43GPc8=
    dependencies:
      ansi-regex "^2.0.0"
  
  strip-ansi@^4.0.0:
    version "4.0.0"
    resolved "http://registry.npm.baidu-int.com/strip-ansi/-/strip-ansi-4.0.0.tgz#a8479022eb1ac368a871389b635262c505ee368f"
    integrity sha1-qEeQIusaw2iocTibY1JixQXuNo8=
    dependencies:
      ansi-regex "^3.0.0"
  
  strip-json-comments@~2.0.1:
    version "2.0.1"
    resolved "http://registry.npm.baidu-int.com/strip-json-comments/-/strip-json-comments-2.0.1.tgz#3c531942e908c2697c0ec344858c286c7ca0a60a"
    integrity sha1-PFMZQukIwml8DsNEhYwobHygpgo=
  
  supports-color@^5.3.0:
    version "5.5.0"
    resolved "http://registry.npm.baidu-int.com/supports-color/-/supports-color-5.5.0.tgz#e2e69a44ac8772f78a1ec0b35b689df6530efc8f"
    integrity sha512-QjVjwdXIt408MIiAqCX4oUKsgU2EqAGzs2Ppkm4aQYbjm+ZEWEcW4SfFNTr4uMNZma0ey4f5lgLrkB0aX0QMow==
    dependencies:
      has-flag "^3.0.0"
  
  tar@^4:
    version "4.4.13"
    resolved "http://registry.npm.baidu-int.com/tar/-/tar-4.4.13.tgz#43b364bc52888d555298637b10d60790254ab525"
    integrity sha512-w2VwSrBoHa5BsSyH+KxEqeQBAllHhccyMFVHtGtdMpF4W7IRWfZjFiQceJPChOeTsSDVUpER2T8FA93pr0L+QA==
    dependencies:
      chownr "^1.1.1"
      fs-minipass "^1.2.5"
      minipass "^2.8.6"
      minizlib "^1.2.1"
      mkdirp "^0.5.0"
      safe-buffer "^5.1.2"
      yallist "^3.0.3"
  
  to-fast-properties@^2.0.0:
    version "2.0.0"
    resolved "http://registry.npm.baidu-int.com/to-fast-properties/-/to-fast-properties-2.0.0.tgz#dc5e698cbd079265bc73e0377681a4e4e83f616e"
    integrity sha1-3F5pjL0HkmW8c+A3doGk5Og/YW4=
  
  to-object-path@^0.3.0:
    version "0.3.0"
    resolved "http://registry.npm.baidu-int.com/to-object-path/-/to-object-path-0.3.0.tgz#297588b7b0e7e0ac08e04e672f85c1f4999e17af"
    integrity sha1-KXWIt7Dn4KwI4E5nL4XB9JmeF68=
    dependencies:
      kind-of "^3.0.2"
  
  to-regex-range@^2.1.0:
    version "2.1.1"
    resolved "http://registry.npm.baidu-int.com/to-regex-range/-/to-regex-range-2.1.1.tgz#7c80c17b9dfebe599e27367e0d4dd5590141db38"
    integrity sha1-fIDBe53+vlmeJzZ+DU3VWQFB2zg=
    dependencies:
      is-number "^3.0.0"
      repeat-string "^1.6.1"
  
  to-regex@^3.0.1, to-regex@^3.0.2:
    version "3.0.2"
    resolved "http://registry.npm.baidu-int.com/to-regex/-/to-regex-3.0.2.tgz#13cfdd9b336552f30b51f33a8ae1b42a7a7599ce"
    integrity sha1-E8/dmzNlUvMLUfM6iuG0Knp1mc4=
    dependencies:
      define-property "^2.0.2"
      extend-shallow "^3.0.2"
      regex-not "^1.0.2"
      safe-regex "^1.1.0"
  
  unicode-canonical-property-names-ecmascript@^1.0.4:
    version "1.0.4"
    resolved "http://registry.npm.baidu-int.com/unicode-canonical-property-names-ecmascript/-/unicode-canonical-property-names-ecmascript-1.0.4.tgz#2619800c4c825800efdd8343af7dd9933cbe2818"
    integrity sha512-jDrNnXWHd4oHiTZnx/ZG7gtUTVp+gCcTTKr8L0HjlwphROEW3+Him+IpvC+xcJEFegapiMZyZe02CyuOnRmbnQ==
  
  unicode-match-property-ecmascript@^1.0.4:
    version "1.0.4"
    resolved "http://registry.npm.baidu-int.com/unicode-match-property-ecmascript/-/unicode-match-property-ecmascript-1.0.4.tgz#8ed2a32569961bce9227d09cd3ffbb8fed5f020c"
    integrity sha512-L4Qoh15vTfntsn4P1zqnHulG0LdXgjSO035fEpdtp6YxXhMT51Q6vgM5lYdG/5X3MjS+k/Y9Xw4SFCY9IkR0rg==
    dependencies:
      unicode-canonical-property-names-ecmascript "^1.0.4"
      unicode-property-aliases-ecmascript "^1.0.4"
  
  unicode-match-property-value-ecmascript@^1.1.0:
    version "1.1.0"
    resolved "http://registry.npm.baidu-int.com/unicode-match-property-value-ecmascript/-/unicode-match-property-value-ecmascript-1.1.0.tgz#5b4b426e08d13a80365e0d657ac7a6c1ec46a277"
    integrity sha1-W0tCbgjROoA2Xg1lesemwexGonc=
  
  unicode-property-aliases-ecmascript@^1.0.4:
    version "1.0.5"
    resolved "http://registry.npm.baidu-int.com/unicode-property-aliases-ecmascript/-/unicode-property-aliases-ecmascript-1.0.5.tgz#a9cc6cc7ce63a0a3023fc99e341b94431d405a57"
    integrity sha1-qcxsx85joKMCP8meNBuUQx1AWlc=
  
  union-value@^1.0.0:
    version "1.0.1"
    resolved "http://registry.npm.baidu-int.com/union-value/-/union-value-1.0.1.tgz#0b6fe7b835aecda61c6ea4d4f02c14221e109847"
    integrity sha512-tJfXmxMeWYnczCVs7XAEvIV7ieppALdyepWMkHkwciRpZraG/xwT+s2JN8+pr1+8jCRf80FFzvr+MpQeeoF4Xg==
    dependencies:
      arr-union "^3.1.0"
      get-value "^2.0.6"
      is-extendable "^0.1.1"
      set-value "^2.0.1"
  
  unset-value@^1.0.0:
    version "1.0.0"
    resolved "http://registry.npm.baidu-int.com/unset-value/-/unset-value-1.0.0.tgz#8376873f7d2335179ffb1e6fc3a8ed0dfc8ab559"
    integrity sha1-g3aHP30jNRef+x5vw6jtDfyKtVk=
    dependencies:
      has-value "^0.3.1"
      isobject "^3.0.0"
  
  upath@^1.1.1:
    version "1.2.0"
    resolved "http://registry.npm.baidu-int.com/upath/-/upath-1.2.0.tgz#8f66dbcd55a883acdae4408af8b035a5044c1894"
    integrity sha512-aZwGpamFO61g3OlfT7OQCHqhGnW43ieH9WZeP7QxN/G/jS4jfqUkZxoryvJgVPEcrl5NL/ggHsSmLMHuH64Lhg==
  
  urix@^0.1.0:
    version "0.1.0"
    resolved "http://registry.npm.baidu-int.com/urix/-/urix-0.1.0.tgz#da937f7a62e21fec1fd18d49b35c2935067a6c72"
    integrity sha1-2pN/emLiH+wf0Y1Js1wpNQZ6bHI=
  
  use@^3.1.0:
    version "3.1.1"
    resolved "http://registry.npm.baidu-int.com/use/-/use-3.1.1.tgz#d50c8cac79a19fbc20f2911f56eb973f4e10070f"
    integrity sha512-cwESVXlO3url9YWlFW/TA9cshCEhtu7IKJ/p5soJ/gGpj7vbvFrAY/eIioQ6Dw23KjZhYgiIo8HOs1nQ2vr/oQ==
  
  util-deprecate@~1.0.1:
    version "1.0.2"
    resolved "http://registry.npm.baidu-int.com/util-deprecate/-/util-deprecate-1.0.2.tgz#450d4dc9fa70de732762fbd2d4a28981419a0ccf"
    integrity sha1-RQ1Nyfpw3nMnYvvS1KKJgUGaDM8=
  
  wide-align@^1.1.0:
    version "1.1.3"
    resolved "http://registry.npm.baidu-int.com/wide-align/-/wide-align-1.1.3.tgz#ae074e6bdc0c14a431e804e624549c633b000457"
    integrity sha512-QGkOQc8XL6Bt5PwnsExKBPuMKBxnGxWWW3fU55Xt4feHozMUhdUMaBCk290qpm/wG5u/RSKzwdAC4i51YigihA==
    dependencies:
      string-width "^1.0.2 || 2"
  
  wrappy@1:
    version "1.0.2"
    resolved "http://registry.npm.baidu-int.com/wrappy/-/wrappy-1.0.2.tgz#b5243d8f3ec1aa35f1364605bc0d1036e30ab69f"
    integrity sha1-tSQ9jz7BqjXxNkYFvA0QNuMKtp8=
  
  yallist@^3.0.0, yallist@^3.0.3:
    version "3.1.1"
    resolved "http://registry.npm.baidu-int.com/yallist/-/yallist-3.1.1.tgz#dbb7daf9bfd8bac9ab45ebf602b8cbad0d5d08fd"
    integrity sha512-a4UGQaWPH59mOXUYnAG2ewncQS4i4F43Tv3JoAM+s2VDAmS9NsK8GpDMLrCHPksFT7h3K6TOoUNn2pb7RoXx4g==
